{"C:\\Users\\אביבה בובה ברוריאן\\fresh end\\backend\\server.js": {"path":"C:\\Users\\אביבה בובה ברוריאן\\fresh end\\backend\\server.js","statementMap":{"0":{"start":{"line":36,"column":12},"end":{"line":36,"column":21}},"1":{"start":{"line":37,"column":19},"end":{"line":37,"column":36}},"2":{"start":{"line":40,"column":11},"end":{"line":51,"column":2}},"3":{"start":{"line":53,"column":0},"end":{"line":53,"column":16}},"4":{"start":{"line":54,"column":0},"end":{"line":54,"column":18}},"5":{"start":{"line":55,"column":0},"end":{"line":55,"column":18}},"6":{"start":{"line":58,"column":0},"end":{"line":62,"column":3}},"7":{"start":{"line":59,"column":2},"end":{"line":59,"column":68}},"8":{"start":{"line":59,"column":37},"end":{"line":59,"column":66}},"9":{"start":{"line":60,"column":2},"end":{"line":60,"column":76}},"10":{"start":{"line":60,"column":41},"end":{"line":60,"column":74}},"11":{"start":{"line":61,"column":2},"end":{"line":61,"column":80}},"12":{"start":{"line":61,"column":43},"end":{"line":61,"column":78}},"13":{"start":{"line":65,"column":0},"end":{"line":77,"column":2}},"14":{"start":{"line":79,"column":0},"end":{"line":79,"column":24}},"15":{"start":{"line":80,"column":0},"end":{"line":80,"column":47}},"16":{"start":{"line":81,"column":0},"end":{"line":81,"column":61}},"17":{"start":{"line":84,"column":0},"end":{"line":94,"column":5}},"18":{"start":{"line":91,"column":4},"end":{"line":93,"column":5}},"19":{"start":{"line":92,"column":6},"end":{"line":92,"column":56}},"20":{"start":{"line":97,"column":0},"end":{"line":97,"column":43}},"21":{"start":{"line":98,"column":0},"end":{"line":98,"column":53}},"22":{"start":{"line":99,"column":0},"end":{"line":99,"column":40}},"23":{"start":{"line":100,"column":0},"end":{"line":100,"column":38}},"24":{"start":{"line":101,"column":0},"end":{"line":101,"column":30}},"25":{"start":{"line":102,"column":0},"end":{"line":102,"column":37}},"26":{"start":{"line":103,"column":0},"end":{"line":103,"column":41}},"27":{"start":{"line":104,"column":0},"end":{"line":104,"column":37}},"28":{"start":{"line":105,"column":0},"end":{"line":105,"column":29}},"29":{"start":{"line":106,"column":0},"end":{"line":106,"column":39}},"30":{"start":{"line":107,"column":0},"end":{"line":107,"column":37}},"31":{"start":{"line":108,"column":0},"end":{"line":108,"column":35}},"32":{"start":{"line":109,"column":0},"end":{"line":109,"column":51}},"33":{"start":{"line":110,"column":0},"end":{"line":110,"column":43}},"34":{"start":{"line":113,"column":13},"end":{"line":113,"column":37}},"35":{"start":{"line":116,"column":0},"end":{"line":120,"column":1}},"36":{"start":{"line":117,"column":2},"end":{"line":119,"column":5}},"37":{"start":{"line":125,"column":2},"end":{"line":132,"column":3}},"38":{"start":{"line":126,"column":18},"end":{"line":126,"column":28}},"39":{"start":{"line":127,"column":4},"end":{"line":127,"column":31}},"40":{"start":{"line":128,"column":4},"end":{"line":128,"column":63}},"41":{"start":{"line":130,"column":4},"end":{"line":131,"column":65}},"42":{"start":{"line":131,"column":6},"end":{"line":131,"column":65}},"43":{"start":{"line":137,"column":34},"end":{"line":146,"column":1}},"44":{"start":{"line":139,"column":2},"end":{"line":139,"column":51}},"45":{"start":{"line":139,"column":44},"end":{"line":139,"column":51}},"46":{"start":{"line":141,"column":2},"end":{"line":145,"column":3}},"47":{"start":{"line":142,"column":4},"end":{"line":142,"column":47}},"48":{"start":{"line":148,"column":2},"end":{"line":148,"column":51}},"49":{"start":{"line":148,"column":44},"end":{"line":148,"column":51}},"50":{"start":{"line":149,"column":2},"end":{"line":163,"column":3}},"51":{"start":{"line":150,"column":19},"end":{"line":150,"column":36}},"52":{"start":{"line":151,"column":16},"end":{"line":151,"column":70}},"53":{"start":{"line":152,"column":4},"end":{"line":158,"column":7}},"54":{"start":{"line":159,"column":4},"end":{"line":159,"column":30}},"55":{"start":{"line":161,"column":4},"end":{"line":162,"column":58}},"56":{"start":{"line":162,"column":6},"end":{"line":162,"column":58}},"57":{"start":{"line":167,"column":2},"end":{"line":199,"column":3}},"58":{"start":{"line":168,"column":16},"end":{"line":168,"column":26}},"59":{"start":{"line":169,"column":26},"end":{"line":178,"column":6}},"60":{"start":{"line":180,"column":4},"end":{"line":195,"column":5}},"61":{"start":{"line":181,"column":6},"end":{"line":181,"column":38}},"62":{"start":{"line":182,"column":6},"end":{"line":182,"column":40}},"63":{"start":{"line":183,"column":6},"end":{"line":183,"column":43}},"64":{"start":{"line":184,"column":6},"end":{"line":190,"column":7}},"65":{"start":{"line":185,"column":8},"end":{"line":188,"column":10}},"66":{"start":{"line":189,"column":8},"end":{"line":189,"column":51}},"67":{"start":{"line":191,"column":6},"end":{"line":191,"column":25}},"68":{"start":{"line":192,"column":6},"end":{"line":194,"column":9}},"69":{"start":{"line":197,"column":4},"end":{"line":198,"column":63}},"70":{"start":{"line":198,"column":6},"end":{"line":198,"column":63}},"71":{"start":{"line":203,"column":26},"end":{"line":203,"column":45}},"72":{"start":{"line":204,"column":19},"end":{"line":204,"column":28}},"73":{"start":{"line":205,"column":0},"end":{"line":205,"column":54}},"74":{"start":{"line":206,"column":0},"end":{"line":206,"column":58}},"75":{"start":{"line":207,"column":0},"end":{"line":207,"column":44}},"76":{"start":{"line":210,"column":0},"end":{"line":210,"column":24}},"77":{"start":{"line":211,"column":0},"end":{"line":211,"column":28}},"78":{"start":{"line":212,"column":0},"end":{"line":212,"column":21}}},"fnMap":{"0":{"name":"(anonymous_0)","decl":{"start":{"line":58,"column":20},"end":{"line":58,"column":21}},"loc":{"start":{"line":58,"column":32},"end":{"line":62,"column":1}},"line":58},"1":{"name":"(anonymous_1)","decl":{"start":{"line":59,"column":25},"end":{"line":59,"column":26}},"loc":{"start":{"line":59,"column":37},"end":{"line":59,"column":66}},"line":59},"2":{"name":"(anonymous_2)","decl":{"start":{"line":60,"column":29},"end":{"line":60,"column":30}},"loc":{"start":{"line":60,"column":41},"end":{"line":60,"column":74}},"line":60},"3":{"name":"(anonymous_3)","decl":{"start":{"line":61,"column":28},"end":{"line":61,"column":29}},"loc":{"start":{"line":61,"column":43},"end":{"line":61,"column":78}},"line":61},"4":{"name":"(anonymous_4)","decl":{"start":{"line":86,"column":8},"end":{"line":86,"column":9}},"loc":{"start":{"line":86,"column":20},"end":{"line":88,"column":3}},"line":86},"5":{"name":"(anonymous_5)","decl":{"start":{"line":89,"column":9},"end":{"line":89,"column":10}},"loc":{"start":{"line":89,"column":18},"end":{"line":94,"column":3}},"line":89},"6":{"name":"(anonymous_6)","decl":{"start":{"line":117,"column":26},"end":{"line":117,"column":27}},"loc":{"start":{"line":117,"column":32},"end":{"line":119,"column":3}},"line":117},"7":{"name":"removeExpiredProducts","decl":{"start":{"line":124,"column":15},"end":{"line":124,"column":36}},"loc":{"start":{"line":124,"column":39},"end":{"line":133,"column":1}},"line":124},"8":{"name":"(anonymous_8)","decl":{"start":{"line":137,"column":34},"end":{"line":137,"column":35}},"loc":{"start":{"line":137,"column":46},"end":{"line":146,"column":1}},"line":137},"9":{"name":"refundShippingIfNeeded","decl":{"start":{"line":147,"column":15},"end":{"line":147,"column":37}},"loc":{"start":{"line":147,"column":57},"end":{"line":164,"column":1}},"line":147},"10":{"name":"checkExpiredOrders","decl":{"start":{"line":166,"column":15},"end":{"line":166,"column":33}},"loc":{"start":{"line":166,"column":36},"end":{"line":200,"column":1}},"line":166}},"branchMap":{"0":{"loc":{"start":{"line":91,"column":4},"end":{"line":93,"column":5}},"type":"if","locations":[{"start":{"line":91,"column":4},"end":{"line":93,"column":5}},{"start":{},"end":{}}],"line":91},"1":{"loc":{"start":{"line":113,"column":13},"end":{"line":113,"column":37}},"type":"binary-expr","locations":[{"start":{"line":113,"column":13},"end":{"line":113,"column":29}},{"start":{"line":113,"column":33},"end":{"line":113,"column":37}}],"line":113},"2":{"loc":{"start":{"line":116,"column":0},"end":{"line":120,"column":1}},"type":"if","locations":[{"start":{"line":116,"column":0},"end":{"line":120,"column":1}},{"start":{},"end":{}}],"line":116},"3":{"loc":{"start":{"line":130,"column":4},"end":{"line":131,"column":65}},"type":"if","locations":[{"start":{"line":130,"column":4},"end":{"line":131,"column":65}},{"start":{},"end":{}}],"line":130},"4":{"loc":{"start":{"line":139,"column":2},"end":{"line":139,"column":51}},"type":"if","locations":[{"start":{"line":139,"column":2},"end":{"line":139,"column":51}},{"start":{},"end":{}}],"line":139},"5":{"loc":{"start":{"line":148,"column":2},"end":{"line":148,"column":51}},"type":"if","locations":[{"start":{"line":148,"column":2},"end":{"line":148,"column":51}},{"start":{},"end":{}}],"line":148},"6":{"loc":{"start":{"line":148,"column":6},"end":{"line":148,"column":42}},"type":"binary-expr","locations":[{"start":{"line":148,"column":6},"end":{"line":148,"column":16}},{"start":{"line":148,"column":20},"end":{"line":148,"column":27}},{"start":{"line":148,"column":31},"end":{"line":148,"column":42}}],"line":148},"7":{"loc":{"start":{"line":161,"column":4},"end":{"line":162,"column":58}},"type":"if","locations":[{"start":{"line":161,"column":4},"end":{"line":162,"column":58}},{"start":{},"end":{}}],"line":161},"8":{"loc":{"start":{"line":184,"column":6},"end":{"line":190,"column":7}},"type":"if","locations":[{"start":{"line":184,"column":6},"end":{"line":190,"column":7}},{"start":{},"end":{}}],"line":184},"9":{"loc":{"start":{"line":184,"column":10},"end":{"line":184,"column":59}},"type":"binary-expr","locations":[{"start":{"line":184,"column":10},"end":{"line":184,"column":34}},{"start":{"line":184,"column":38},"end":{"line":184,"column":59}}],"line":184},"10":{"loc":{"start":{"line":197,"column":4},"end":{"line":198,"column":63}},"type":"if","locations":[{"start":{"line":197,"column":4},"end":{"line":198,"column":63}},{"start":{},"end":{}}],"line":197}},"s":{"0":5,"1":5,"2":5,"3":5,"4":5,"5":5,"6":5,"7":0,"8":0,"9":0,"10":0,"11":0,"12":0,"13":5,"14":5,"15":5,"16":5,"17":5,"18":0,"19":0,"20":5,"21":5,"22":5,"23":5,"24":5,"25":5,"26":5,"27":5,"28":5,"29":5,"30":5,"31":5,"32":5,"33":5,"34":5,"35":5,"36":0,"37":5,"38":5,"39":5,"40":5,"41":2,"42":0,"43":5,"44":5,"45":5,"46":0,"47":0,"48":0,"49":0,"50":0,"51":0,"52":0,"53":0,"54":0,"55":0,"56":0,"57":5,"58":5,"59":5,"60":3,"61":0,"62":0,"63":0,"64":0,"65":0,"66":0,"67":0,"68":0,"69":2,"70":0,"71":5,"72":5,"73":5,"74":5,"75":5,"76":5,"77":5,"78":5},"f":{"0":0,"1":0,"2":0,"3":0,"4":5,"5":0,"6":0,"7":5,"8":5,"9":0,"10":5},"b":{"0":[0,0],"1":[5,0],"2":[0,5],"3":[0,2],"4":[5,0],"5":[0,0],"6":[0,0,0],"7":[0,0],"8":[0,0],"9":[0,0],"10":[0,2]},"_coverageSchema":"1a1c01bbd47fc00a2c39e90264f33305004495a9","hash":"938a375f28b44b82acfe87d531ac069f44713849"}
,"C:\\Users\\אביבה בובה ברוריאן\\fresh end\\backend\\config\\firebaseAdmin.js": {"path":"C:\\Users\\אביבה בובה ברוריאן\\fresh end\\backend\\config\\firebaseAdmin.js","statementMap":{"0":{"start":{"line":5,"column":16},"end":{"line":5,"column":46}},"1":{"start":{"line":6,"column":23},"end":{"line":6,"column":58}},"2":{"start":{"line":8,"column":0},"end":{"line":10,"column":3}},"3":{"start":{"line":12,"column":13},"end":{"line":12,"column":25}},"4":{"start":{"line":13,"column":11},"end":{"line":13,"column":28}}},"fnMap":{},"branchMap":{},"s":{"0":6,"1":6,"2":6,"3":6,"4":6},"f":{},"b":{},"_coverageSchema":"1a1c01bbd47fc00a2c39e90264f33305004495a9","hash":"98ff44843c0d37c05cb5b4bd06ece8acf173a5e8"}
,"C:\\Users\\אביבה בובה ברוריאן\\fresh end\\backend\\models\\ImportProfile.js": {"path":"C:\\Users\\אביבה בובה ברוריאן\\fresh end\\backend\\models\\ImportProfile.js","statementMap":{"0":{"start":{"line":4,"column":28},"end":{"line":39,"column":2}},"1":{"start":{"line":41,"column":0},"end":{"line":41,"column":56}}},"fnMap":{},"branchMap":{"0":{"loc":{"start":{"line":43,"column":15},"end":{"line":44,"column":54}},"type":"binary-expr","locations":[{"start":{"line":43,"column":15},"end":{"line":43,"column":44}},{"start":{"line":44,"column":2},"end":{"line":44,"column":54}}],"line":43}},"s":{"0":5,"1":5},"f":{},"b":{"0":[5,5]},"_coverageSchema":"1a1c01bbd47fc00a2c39e90264f33305004495a9","hash":"0e3915511c1ea08141c8063cccafee658309eb20"}
,"C:\\Users\\אביבה בובה ברוריאן\\fresh end\\backend\\models\\Inventory.js": {"path":"C:\\Users\\אביבה בובה ברוריאן\\fresh end\\backend\\models\\Inventory.js","statementMap":{"0":{"start":{"line":4,"column":24},"end":{"line":45,"column":2}},"1":{"start":{"line":48,"column":0},"end":{"line":48,"column":67}},"2":{"start":{"line":50,"column":0},"end":{"line":50,"column":48}},"3":{"start":{"line":52,"column":18},"end":{"line":52,"column":62}}},"fnMap":{},"branchMap":{},"s":{"0":6,"1":6,"2":6,"3":6},"f":{},"b":{},"_coverageSchema":"1a1c01bbd47fc00a2c39e90264f33305004495a9","hash":"d1d86adeb32813800f4664a4933fca6098e5d7d1"}
,"C:\\Users\\אביבה בובה ברוריאן\\fresh end\\backend\\models\\Notification.js": {"path":"C:\\Users\\אביבה בובה ברוריאן\\fresh end\\backend\\models\\Notification.js","statementMap":{"0":{"start":{"line":4,"column":27},"end":{"line":51,"column":1}},"1":{"start":{"line":54,"column":0},"end":{"line":54,"column":55}},"2":{"start":{"line":55,"column":0},"end":{"line":55,"column":51}},"3":{"start":{"line":57,"column":21},"end":{"line":57,"column":71}}},"fnMap":{},"branchMap":{},"s":{"0":6,"1":6,"2":6,"3":6},"f":{},"b":{},"_coverageSchema":"1a1c01bbd47fc00a2c39e90264f33305004495a9","hash":"7c6278bb314c031b4faab411d15b4c661b2df453"}
,"C:\\Users\\אביבה בובה ברוריאן\\fresh end\\backend\\models\\Order.js": {"path":"C:\\Users\\אביבה בובה ברוריאן\\fresh end\\backend\\models\\Order.js","statementMap":{"0":{"start":{"line":3,"column":20},"end":{"line":128,"column":2}}},"fnMap":{},"branchMap":{},"s":{"0":5},"f":{},"b":{},"_coverageSchema":"1a1c01bbd47fc00a2c39e90264f33305004495a9","hash":"27316b8c4577062b3c9d5f9b79e493f082a061f3"}
,"C:\\Users\\אביבה בובה ברוריאן\\fresh end\\backend\\models\\Store.js": {"path":"C:\\Users\\אביבה בובה ברוריאן\\fresh end\\backend\\models\\Store.js","statementMap":{"0":{"start":{"line":3,"column":20},"end":{"line":61,"column":2}}},"fnMap":{},"branchMap":{},"s":{"0":5},"f":{},"b":{},"_coverageSchema":"1a1c01bbd47fc00a2c39e90264f33305004495a9","hash":"0edffbef6eb0dd488078d9d4d60c39f3c435e160"}
,"C:\\Users\\אביבה בובה ברוריאן\\fresh end\\backend\\routes\\analytics.js": {"path":"C:\\Users\\אביבה בובה ברוריאן\\fresh end\\backend\\routes\\analytics.js","statementMap":{"0":{"start":{"line":4,"column":15},"end":{"line":4,"column":31}},"1":{"start":{"line":13,"column":0},"end":{"line":65,"column":3}},"2":{"start":{"line":14,"column":2},"end":{"line":64,"column":3}},"3":{"start":{"line":15,"column":35},"end":{"line":15,"column":44}},"4":{"start":{"line":18,"column":16},"end":{"line":18,"column":26}},"5":{"start":{"line":19,"column":28},"end":{"line":19,"column":74}},"6":{"start":{"line":20,"column":18},"end":{"line":20,"column":67}},"7":{"start":{"line":21,"column":16},"end":{"line":21,"column":49}},"8":{"start":{"line":24,"column":19},"end":{"line":42,"column":6}},"9":{"start":{"line":44,"column":21},"end":{"line":48,"column":5}},"10":{"start":{"line":50,"column":4},"end":{"line":60,"column":7}},"11":{"start":{"line":62,"column":4},"end":{"line":62,"column":59}},"12":{"start":{"line":63,"column":4},"end":{"line":63,"column":64}},"13":{"start":{"line":71,"column":0},"end":{"line":115,"column":3}},"14":{"start":{"line":72,"column":2},"end":{"line":114,"column":3}},"15":{"start":{"line":73,"column":35},"end":{"line":73,"column":44}},"16":{"start":{"line":75,"column":16},"end":{"line":75,"column":26}},"17":{"start":{"line":76,"column":28},"end":{"line":76,"column":74}},"18":{"start":{"line":77,"column":18},"end":{"line":77,"column":67}},"19":{"start":{"line":78,"column":16},"end":{"line":78,"column":49}},"20":{"start":{"line":80,"column":19},"end":{"line":102,"column":6}},"21":{"start":{"line":104,"column":4},"end":{"line":110,"column":7}},"22":{"start":{"line":112,"column":4},"end":{"line":112,"column":59}},"23":{"start":{"line":113,"column":4},"end":{"line":113,"column":70}},"24":{"start":{"line":121,"column":0},"end":{"line":180,"column":3}},"25":{"start":{"line":122,"column":2},"end":{"line":179,"column":3}},"26":{"start":{"line":123,"column":24},"end":{"line":123,"column":34}},"27":{"start":{"line":124,"column":43},"end":{"line":124,"column":52}},"28":{"start":{"line":126,"column":16},"end":{"line":126,"column":26}},"29":{"start":{"line":127,"column":28},"end":{"line":127,"column":74}},"30":{"start":{"line":128,"column":18},"end":{"line":128,"column":67}},"31":{"start":{"line":129,"column":16},"end":{"line":129,"column":49}},"32":{"start":{"line":132,"column":26},"end":{"line":140,"column":5}},"33":{"start":{"line":142,"column":4},"end":{"line":144,"column":5}},"34":{"start":{"line":143,"column":6},"end":{"line":143,"column":36}},"35":{"start":{"line":146,"column":19},"end":{"line":156,"column":6}},"36":{"start":{"line":158,"column":19},"end":{"line":162,"column":5}},"37":{"start":{"line":164,"column":4},"end":{"line":175,"column":7}},"38":{"start":{"line":177,"column":4},"end":{"line":177,"column":57}},"39":{"start":{"line":178,"column":4},"end":{"line":178,"column":62}},"40":{"start":{"line":186,"column":0},"end":{"line":253,"column":3}},"41":{"start":{"line":187,"column":2},"end":{"line":252,"column":3}},"42":{"start":{"line":188,"column":24},"end":{"line":188,"column":34}},"43":{"start":{"line":189,"column":57},"end":{"line":189,"column":66}},"44":{"start":{"line":191,"column":16},"end":{"line":191,"column":26}},"45":{"start":{"line":192,"column":28},"end":{"line":192,"column":74}},"46":{"start":{"line":193,"column":18},"end":{"line":193,"column":67}},"47":{"start":{"line":194,"column":16},"end":{"line":194,"column":49}},"48":{"start":{"line":196,"column":17},"end":{"line":196,"column":55}},"49":{"start":{"line":198,"column":19},"end":{"line":218,"column":29}},"50":{"start":{"line":220,"column":18},"end":{"line":225,"column":6}},"51":{"start":{"line":227,"column":4},"end":{"line":248,"column":7}},"52":{"start":{"line":239,"column":37},"end":{"line":247,"column":7}},"53":{"start":{"line":250,"column":4},"end":{"line":250,"column":64}},"54":{"start":{"line":251,"column":4},"end":{"line":251,"column":62}},"55":{"start":{"line":259,"column":0},"end":{"line":312,"column":3}},"56":{"start":{"line":260,"column":2},"end":{"line":311,"column":3}},"57":{"start":{"line":261,"column":26},"end":{"line":261,"column":36}},"58":{"start":{"line":262,"column":35},"end":{"line":262,"column":44}},"59":{"start":{"line":264,"column":16},"end":{"line":264,"column":26}},"60":{"start":{"line":265,"column":28},"end":{"line":265,"column":74}},"61":{"start":{"line":266,"column":18},"end":{"line":266,"column":67}},"62":{"start":{"line":267,"column":16},"end":{"line":267,"column":49}},"63":{"start":{"line":269,"column":19},"end":{"line":288,"column":6}},"64":{"start":{"line":290,"column":19},"end":{"line":294,"column":5}},"65":{"start":{"line":296,"column":4},"end":{"line":307,"column":7}},"66":{"start":{"line":309,"column":4},"end":{"line":309,"column":59}},"67":{"start":{"line":310,"column":4},"end":{"line":310,"column":62}},"68":{"start":{"line":318,"column":0},"end":{"line":383,"column":3}},"69":{"start":{"line":319,"column":2},"end":{"line":382,"column":3}},"70":{"start":{"line":320,"column":26},"end":{"line":320,"column":36}},"71":{"start":{"line":321,"column":57},"end":{"line":321,"column":66}},"72":{"start":{"line":323,"column":16},"end":{"line":323,"column":26}},"73":{"start":{"line":324,"column":28},"end":{"line":324,"column":74}},"74":{"start":{"line":325,"column":18},"end":{"line":325,"column":67}},"75":{"start":{"line":326,"column":16},"end":{"line":326,"column":49}},"76":{"start":{"line":328,"column":17},"end":{"line":328,"column":55}},"77":{"start":{"line":330,"column":23},"end":{"line":349,"column":29}},"78":{"start":{"line":351,"column":18},"end":{"line":355,"column":6}},"79":{"start":{"line":357,"column":4},"end":{"line":378,"column":7}},"80":{"start":{"line":369,"column":45},"end":{"line":377,"column":7}},"81":{"start":{"line":380,"column":4},"end":{"line":380,"column":63}},"82":{"start":{"line":381,"column":4},"end":{"line":381,"column":66}},"83":{"start":{"line":390,"column":0},"end":{"line":454,"column":3}},"84":{"start":{"line":391,"column":2},"end":{"line":453,"column":3}},"85":{"start":{"line":392,"column":26},"end":{"line":392,"column":36}},"86":{"start":{"line":393,"column":36},"end":{"line":393,"column":44}},"87":{"start":{"line":396,"column":4},"end":{"line":400,"column":5}},"88":{"start":{"line":397,"column":6},"end":{"line":399,"column":9}},"89":{"start":{"line":402,"column":4},"end":{"line":406,"column":5}},"90":{"start":{"line":403,"column":6},"end":{"line":405,"column":9}},"91":{"start":{"line":409,"column":25},"end":{"line":422,"column":6}},"92":{"start":{"line":424,"column":20},"end":{"line":424,"column":55}},"93":{"start":{"line":425,"column":4},"end":{"line":430,"column":5}},"94":{"start":{"line":426,"column":6},"end":{"line":429,"column":9}},"95":{"start":{"line":434,"column":4},"end":{"line":438,"column":7}},"96":{"start":{"line":440,"column":4},"end":{"line":449,"column":7}},"97":{"start":{"line":451,"column":4},"end":{"line":451,"column":65}},"98":{"start":{"line":452,"column":4},"end":{"line":452,"column":75}}},"fnMap":{"0":{"name":"(anonymous_0)","decl":{"start":{"line":13,"column":30},"end":{"line":13,"column":31}},"loc":{"start":{"line":13,"column":50},"end":{"line":65,"column":1}},"line":13},"1":{"name":"(anonymous_1)","decl":{"start":{"line":71,"column":36},"end":{"line":71,"column":37}},"loc":{"start":{"line":71,"column":56},"end":{"line":115,"column":1}},"line":71},"2":{"name":"(anonymous_2)","decl":{"start":{"line":121,"column":37},"end":{"line":121,"column":38}},"loc":{"start":{"line":121,"column":57},"end":{"line":180,"column":1}},"line":121},"3":{"name":"(anonymous_3)","decl":{"start":{"line":186,"column":44},"end":{"line":186,"column":45}},"loc":{"start":{"line":186,"column":64},"end":{"line":253,"column":1}},"line":186},"4":{"name":"(anonymous_4)","decl":{"start":{"line":239,"column":25},"end":{"line":239,"column":26}},"loc":{"start":{"line":239,"column":37},"end":{"line":247,"column":7}},"line":239},"5":{"name":"(anonymous_5)","decl":{"start":{"line":259,"column":41},"end":{"line":259,"column":42}},"loc":{"start":{"line":259,"column":61},"end":{"line":312,"column":1}},"line":259},"6":{"name":"(anonymous_6)","decl":{"start":{"line":318,"column":52},"end":{"line":318,"column":53}},"loc":{"start":{"line":318,"column":72},"end":{"line":383,"column":1}},"line":318},"7":{"name":"(anonymous_7)","decl":{"start":{"line":369,"column":33},"end":{"line":369,"column":34}},"loc":{"start":{"line":369,"column":45},"end":{"line":377,"column":7}},"line":369},"8":{"name":"(anonymous_8)","decl":{"start":{"line":390,"column":44},"end":{"line":390,"column":45}},"loc":{"start":{"line":390,"column":64},"end":{"line":454,"column":1}},"line":390}},"branchMap":{"0":{"loc":{"start":{"line":20,"column":18},"end":{"line":20,"column":67}},"type":"cond-expr","locations":[{"start":{"line":20,"column":30},"end":{"line":20,"column":49}},{"start":{"line":20,"column":52},"end":{"line":20,"column":67}}],"line":20},"1":{"loc":{"start":{"line":21,"column":16},"end":{"line":21,"column":49}},"type":"cond-expr","locations":[{"start":{"line":21,"column":26},"end":{"line":21,"column":43}},{"start":{"line":21,"column":46},"end":{"line":21,"column":49}}],"line":21},"2":{"loc":{"start":{"line":44,"column":21},"end":{"line":48,"column":5}},"type":"binary-expr","locations":[{"start":{"line":44,"column":21},"end":{"line":44,"column":30}},{"start":{"line":44,"column":34},"end":{"line":48,"column":5}}],"line":44},"3":{"loc":{"start":{"line":77,"column":18},"end":{"line":77,"column":67}},"type":"cond-expr","locations":[{"start":{"line":77,"column":30},"end":{"line":77,"column":49}},{"start":{"line":77,"column":52},"end":{"line":77,"column":67}}],"line":77},"4":{"loc":{"start":{"line":78,"column":16},"end":{"line":78,"column":49}},"type":"cond-expr","locations":[{"start":{"line":78,"column":26},"end":{"line":78,"column":43}},{"start":{"line":78,"column":46},"end":{"line":78,"column":49}}],"line":78},"5":{"loc":{"start":{"line":128,"column":18},"end":{"line":128,"column":67}},"type":"cond-expr","locations":[{"start":{"line":128,"column":30},"end":{"line":128,"column":49}},{"start":{"line":128,"column":52},"end":{"line":128,"column":67}}],"line":128},"6":{"loc":{"start":{"line":129,"column":16},"end":{"line":129,"column":49}},"type":"cond-expr","locations":[{"start":{"line":129,"column":26},"end":{"line":129,"column":43}},{"start":{"line":129,"column":46},"end":{"line":129,"column":49}}],"line":129},"7":{"loc":{"start":{"line":142,"column":4},"end":{"line":144,"column":5}},"type":"if","locations":[{"start":{"line":142,"column":4},"end":{"line":144,"column":5}},{"start":{},"end":{}}],"line":142},"8":{"loc":{"start":{"line":142,"column":8},"end":{"line":142,"column":34}},"type":"binary-expr","locations":[{"start":{"line":142,"column":8},"end":{"line":142,"column":14}},{"start":{"line":142,"column":18},"end":{"line":142,"column":34}}],"line":142},"9":{"loc":{"start":{"line":158,"column":19},"end":{"line":162,"column":5}},"type":"binary-expr","locations":[{"start":{"line":158,"column":19},"end":{"line":158,"column":28}},{"start":{"line":158,"column":32},"end":{"line":162,"column":5}}],"line":158},"10":{"loc":{"start":{"line":189,"column":32},"end":{"line":189,"column":40}},"type":"default-arg","locations":[{"start":{"line":189,"column":39},"end":{"line":189,"column":40}}],"line":189},"11":{"loc":{"start":{"line":189,"column":42},"end":{"line":189,"column":52}},"type":"default-arg","locations":[{"start":{"line":189,"column":50},"end":{"line":189,"column":52}}],"line":189},"12":{"loc":{"start":{"line":193,"column":18},"end":{"line":193,"column":67}},"type":"cond-expr","locations":[{"start":{"line":193,"column":30},"end":{"line":193,"column":49}},{"start":{"line":193,"column":52},"end":{"line":193,"column":67}}],"line":193},"13":{"loc":{"start":{"line":194,"column":16},"end":{"line":194,"column":49}},"type":"cond-expr","locations":[{"start":{"line":194,"column":26},"end":{"line":194,"column":43}},{"start":{"line":194,"column":46},"end":{"line":194,"column":49}}],"line":194},"14":{"loc":{"start":{"line":246,"column":20},"end":{"line":246,"column":44}},"type":"binary-expr","locations":[{"start":{"line":246,"column":20},"end":{"line":246,"column":39}},{"start":{"line":246,"column":43},"end":{"line":246,"column":44}}],"line":246},"15":{"loc":{"start":{"line":266,"column":18},"end":{"line":266,"column":67}},"type":"cond-expr","locations":[{"start":{"line":266,"column":30},"end":{"line":266,"column":49}},{"start":{"line":266,"column":52},"end":{"line":266,"column":67}}],"line":266},"16":{"loc":{"start":{"line":267,"column":16},"end":{"line":267,"column":49}},"type":"cond-expr","locations":[{"start":{"line":267,"column":26},"end":{"line":267,"column":43}},{"start":{"line":267,"column":46},"end":{"line":267,"column":49}}],"line":267},"17":{"loc":{"start":{"line":290,"column":19},"end":{"line":294,"column":5}},"type":"binary-expr","locations":[{"start":{"line":290,"column":19},"end":{"line":290,"column":28}},{"start":{"line":290,"column":32},"end":{"line":294,"column":5}}],"line":290},"18":{"loc":{"start":{"line":321,"column":32},"end":{"line":321,"column":40}},"type":"default-arg","locations":[{"start":{"line":321,"column":39},"end":{"line":321,"column":40}}],"line":321},"19":{"loc":{"start":{"line":321,"column":42},"end":{"line":321,"column":52}},"type":"default-arg","locations":[{"start":{"line":321,"column":50},"end":{"line":321,"column":52}}],"line":321},"20":{"loc":{"start":{"line":325,"column":18},"end":{"line":325,"column":67}},"type":"cond-expr","locations":[{"start":{"line":325,"column":30},"end":{"line":325,"column":49}},{"start":{"line":325,"column":52},"end":{"line":325,"column":67}}],"line":325},"21":{"loc":{"start":{"line":326,"column":16},"end":{"line":326,"column":49}},"type":"cond-expr","locations":[{"start":{"line":326,"column":26},"end":{"line":326,"column":43}},{"start":{"line":326,"column":46},"end":{"line":326,"column":49}}],"line":326},"22":{"loc":{"start":{"line":376,"column":21},"end":{"line":376,"column":61}},"type":"binary-expr","locations":[{"start":{"line":376,"column":21},"end":{"line":376,"column":48}},{"start":{"line":376,"column":52},"end":{"line":376,"column":61}}],"line":376},"23":{"loc":{"start":{"line":396,"column":4},"end":{"line":400,"column":5}},"type":"if","locations":[{"start":{"line":396,"column":4},"end":{"line":400,"column":5}},{"start":{},"end":{}}],"line":396},"24":{"loc":{"start":{"line":396,"column":8},"end":{"line":396,"column":30}},"type":"binary-expr","locations":[{"start":{"line":396,"column":8},"end":{"line":396,"column":15}},{"start":{"line":396,"column":19},"end":{"line":396,"column":30}}],"line":396},"25":{"loc":{"start":{"line":402,"column":4},"end":{"line":406,"column":5}},"type":"if","locations":[{"start":{"line":402,"column":4},"end":{"line":406,"column":5}},{"start":{},"end":{}}],"line":402},"26":{"loc":{"start":{"line":402,"column":8},"end":{"line":402,"column":55}},"type":"binary-expr","locations":[{"start":{"line":402,"column":8},"end":{"line":402,"column":20}},{"start":{"line":402,"column":24},"end":{"line":402,"column":55}}],"line":402},"27":{"loc":{"start":{"line":424,"column":20},"end":{"line":424,"column":55}},"type":"binary-expr","locations":[{"start":{"line":424,"column":20},"end":{"line":424,"column":50}},{"start":{"line":424,"column":54},"end":{"line":424,"column":55}}],"line":424},"28":{"loc":{"start":{"line":425,"column":4},"end":{"line":430,"column":5}},"type":"if","locations":[{"start":{"line":425,"column":4},"end":{"line":430,"column":5}},{"start":{},"end":{}}],"line":425}},"s":{"0":5,"1":5,"2":0,"3":0,"4":0,"5":0,"6":0,"7":0,"8":0,"9":0,"10":0,"11":0,"12":0,"13":5,"14":0,"15":0,"16":0,"17":0,"18":0,"19":0,"20":0,"21":0,"22":0,"23":0,"24":5,"25":0,"26":0,"27":0,"28":0,"29":0,"30":0,"31":0,"32":0,"33":0,"34":0,"35":0,"36":0,"37":0,"38":0,"39":0,"40":5,"41":0,"42":0,"43":0,"44":0,"45":0,"46":0,"47":0,"48":0,"49":0,"50":0,"51":0,"52":0,"53":0,"54":0,"55":5,"56":0,"57":0,"58":0,"59":0,"60":0,"61":0,"62":0,"63":0,"64":0,"65":0,"66":0,"67":0,"68":5,"69":0,"70":0,"71":0,"72":0,"73":0,"74":0,"75":0,"76":0,"77":0,"78":0,"79":0,"80":0,"81":0,"82":0,"83":5,"84":0,"85":0,"86":0,"87":0,"88":0,"89":0,"90":0,"91":0,"92":0,"93":0,"94":0,"95":0,"96":0,"97":0,"98":0},"f":{"0":0,"1":0,"2":0,"3":0,"4":0,"5":0,"6":0,"7":0,"8":0},"b":{"0":[0,0],"1":[0,0],"2":[0,0],"3":[0,0],"4":[0,0],"5":[0,0],"6":[0,0],"7":[0,0],"8":[0,0],"9":[0,0],"10":[0],"11":[0],"12":[0,0],"13":[0,0],"14":[0,0],"15":[0,0],"16":[0,0],"17":[0,0],"18":[0],"19":[0],"20":[0,0],"21":[0,0],"22":[0,0],"23":[0,0],"24":[0,0],"25":[0,0],"26":[0,0],"27":[0,0],"28":[0,0]},"_coverageSchema":"1a1c01bbd47fc00a2c39e90264f33305004495a9","hash":"f0844102e4a3258a62b90316aa74af1487979223"}
,"C:\\Users\\אביבה בובה ברוריאן\\fresh end\\backend\\routes\\email.js": {"path":"C:\\Users\\אביבה בובה ברוריאן\\fresh end\\backend\\routes\\email.js","statementMap":{"0":{"start":{"line":4,"column":15},"end":{"line":4,"column":31}},"1":{"start":{"line":7,"column":0},"end":{"line":53,"column":3}},"2":{"start":{"line":8,"column":2},"end":{"line":52,"column":3}},"3":{"start":{"line":9,"column":42},"end":{"line":9,"column":50}},"4":{"start":{"line":11,"column":4},"end":{"line":11,"column":74}},"5":{"start":{"line":11,"column":13},"end":{"line":11,"column":74}},"6":{"start":{"line":14,"column":22},"end":{"line":14,"column":52}},"7":{"start":{"line":15,"column":23},"end":{"line":15,"column":54}},"8":{"start":{"line":16,"column":22},"end":{"line":16,"column":52}},"9":{"start":{"line":18,"column":4},"end":{"line":23,"column":5}},"10":{"start":{"line":19,"column":6},"end":{"line":19,"column":67}},"11":{"start":{"line":20,"column":6},"end":{"line":22,"column":61}},"12":{"start":{"line":26,"column":21},"end":{"line":28,"column":17}},"13":{"start":{"line":27,"column":19},"end":{"line":27,"column":48}},"14":{"start":{"line":31,"column":27},"end":{"line":37,"column":5}},"15":{"start":{"line":39,"column":4},"end":{"line":39,"column":56}},"16":{"start":{"line":41,"column":21},"end":{"line":43,"column":6}},"17":{"start":{"line":45,"column":4},"end":{"line":45,"column":78}},"18":{"start":{"line":46,"column":4},"end":{"line":46,"column":78}},"19":{"start":{"line":48,"column":4},"end":{"line":48,"column":55}},"20":{"start":{"line":49,"column":4},"end":{"line":51,"column":68}},"21":{"start":{"line":56,"column":0},"end":{"line":100,"column":3}},"22":{"start":{"line":57,"column":2},"end":{"line":99,"column":3}},"23":{"start":{"line":58,"column":38},"end":{"line":58,"column":46}},"24":{"start":{"line":60,"column":4},"end":{"line":60,"column":74}},"25":{"start":{"line":60,"column":13},"end":{"line":60,"column":74}},"26":{"start":{"line":63,"column":22},"end":{"line":63,"column":52}},"27":{"start":{"line":64,"column":23},"end":{"line":64,"column":54}},"28":{"start":{"line":65,"column":22},"end":{"line":65,"column":52}},"29":{"start":{"line":67,"column":4},"end":{"line":72,"column":5}},"30":{"start":{"line":68,"column":6},"end":{"line":68,"column":67}},"31":{"start":{"line":69,"column":6},"end":{"line":71,"column":61}},"32":{"start":{"line":75,"column":27},"end":{"line":84,"column":5}},"33":{"start":{"line":86,"column":4},"end":{"line":86,"column":61}},"34":{"start":{"line":88,"column":21},"end":{"line":90,"column":6}},"35":{"start":{"line":92,"column":4},"end":{"line":92,"column":71}},"36":{"start":{"line":93,"column":4},"end":{"line":93,"column":57}},"37":{"start":{"line":95,"column":4},"end":{"line":95,"column":57}},"38":{"start":{"line":96,"column":4},"end":{"line":98,"column":68}}},"fnMap":{"0":{"name":"(anonymous_0)","decl":{"start":{"line":7,"column":33},"end":{"line":7,"column":34}},"loc":{"start":{"line":7,"column":53},"end":{"line":53,"column":1}},"line":7},"1":{"name":"(anonymous_1)","decl":{"start":{"line":27,"column":11},"end":{"line":27,"column":12}},"loc":{"start":{"line":27,"column":19},"end":{"line":27,"column":48}},"line":27},"2":{"name":"(anonymous_2)","decl":{"start":{"line":56,"column":44},"end":{"line":56,"column":45}},"loc":{"start":{"line":56,"column":64},"end":{"line":100,"column":1}},"line":56}},"branchMap":{"0":{"loc":{"start":{"line":11,"column":4},"end":{"line":11,"column":74}},"type":"if","locations":[{"start":{"line":11,"column":4},"end":{"line":11,"column":74}},{"start":{},"end":{}}],"line":11},"1":{"loc":{"start":{"line":18,"column":4},"end":{"line":23,"column":5}},"type":"if","locations":[{"start":{"line":18,"column":4},"end":{"line":23,"column":5}},{"start":{},"end":{}}],"line":18},"2":{"loc":{"start":{"line":18,"column":8},"end":{"line":18,"column":47}},"type":"binary-expr","locations":[{"start":{"line":18,"column":8},"end":{"line":18,"column":18}},{"start":{"line":18,"column":22},"end":{"line":18,"column":33}},{"start":{"line":18,"column":37},"end":{"line":18,"column":47}}],"line":18},"3":{"loc":{"start":{"line":26,"column":22},"end":{"line":26,"column":33}},"type":"binary-expr","locations":[{"start":{"line":26,"column":22},"end":{"line":26,"column":27}},{"start":{"line":26,"column":31},"end":{"line":26,"column":33}}],"line":26},"4":{"loc":{"start":{"line":33,"column":22},"end":{"line":33,"column":35}},"type":"binary-expr","locations":[{"start":{"line":33,"column":22},"end":{"line":33,"column":29}},{"start":{"line":33,"column":33},"end":{"line":33,"column":35}}],"line":33},"5":{"loc":{"start":{"line":35,"column":30},"end":{"line":35,"column":40}},"type":"binary-expr","locations":[{"start":{"line":35,"column":30},"end":{"line":35,"column":35}},{"start":{"line":35,"column":39},"end":{"line":35,"column":40}}],"line":35},"6":{"loc":{"start":{"line":60,"column":4},"end":{"line":60,"column":74}},"type":"if","locations":[{"start":{"line":60,"column":4},"end":{"line":60,"column":74}},{"start":{},"end":{}}],"line":60},"7":{"loc":{"start":{"line":67,"column":4},"end":{"line":72,"column":5}},"type":"if","locations":[{"start":{"line":67,"column":4},"end":{"line":72,"column":5}},{"start":{},"end":{}}],"line":67},"8":{"loc":{"start":{"line":67,"column":8},"end":{"line":67,"column":47}},"type":"binary-expr","locations":[{"start":{"line":67,"column":8},"end":{"line":67,"column":18}},{"start":{"line":67,"column":22},"end":{"line":67,"column":33}},{"start":{"line":67,"column":37},"end":{"line":67,"column":47}}],"line":67},"9":{"loc":{"start":{"line":77,"column":26},"end":{"line":77,"column":39}},"type":"binary-expr","locations":[{"start":{"line":77,"column":26},"end":{"line":77,"column":33}},{"start":{"line":77,"column":37},"end":{"line":77,"column":39}}],"line":77},"10":{"loc":{"start":{"line":82,"column":8},"end":{"line":82,"column":27}},"type":"binary-expr","locations":[{"start":{"line":82,"column":8},"end":{"line":82,"column":16}},{"start":{"line":82,"column":20},"end":{"line":82,"column":27}}],"line":82}},"s":{"0":5,"1":5,"2":0,"3":0,"4":0,"5":0,"6":0,"7":0,"8":0,"9":0,"10":0,"11":0,"12":0,"13":0,"14":0,"15":0,"16":0,"17":0,"18":0,"19":0,"20":0,"21":5,"22":0,"23":0,"24":0,"25":0,"26":0,"27":0,"28":0,"29":0,"30":0,"31":0,"32":0,"33":0,"34":0,"35":0,"36":0,"37":0,"38":0},"f":{"0":0,"1":0,"2":0},"b":{"0":[0,0],"1":[0,0],"2":[0,0,0],"3":[0,0],"4":[0,0],"5":[0,0],"6":[0,0],"7":[0,0],"8":[0,0,0],"9":[0,0],"10":[0,0]},"_coverageSchema":"1a1c01bbd47fc00a2c39e90264f33305004495a9","hash":"63f27bf6dad32b226232a71c8d79b719bac58a75"}
,"C:\\Users\\אביבה בובה ברוריאן\\fresh end\\backend\\routes\\geocode.js": {"path":"C:\\Users\\אביבה בובה ברוריאן\\fresh end\\backend\\routes\\geocode.js","statementMap":{"0":{"start":{"line":6,"column":19},"end":{"line":6,"column":49}},"1":{"start":{"line":7,"column":18},"end":{"line":7,"column":42}},"2":{"start":{"line":9,"column":15},"end":{"line":9,"column":31}},"3":{"start":{"line":12,"column":14},"end":{"line":12,"column":23}},"4":{"start":{"line":13,"column":15},"end":{"line":13,"column":29}},"5":{"start":{"line":16,"column":14},"end":{"line":16,"column":28}},"6":{"start":{"line":17,"column":2},"end":{"line":17,"column":55}},"7":{"start":{"line":17,"column":39},"end":{"line":17,"column":55}},"8":{"start":{"line":18,"column":2},"end":{"line":18,"column":20}},"9":{"start":{"line":19,"column":2},"end":{"line":19,"column":14}},"10":{"start":{"line":22,"column":2},"end":{"line":22,"column":57}},"11":{"start":{"line":27,"column":0},"end":{"line":57,"column":3}},"12":{"start":{"line":28,"column":2},"end":{"line":56,"column":3}},"13":{"start":{"line":29,"column":24},"end":{"line":29,"column":33}},"14":{"start":{"line":31,"column":4},"end":{"line":33,"column":5}},"15":{"start":{"line":32,"column":6},"end":{"line":32,"column":68}},"16":{"start":{"line":36,"column":16},"end":{"line":38,"column":15}},"17":{"start":{"line":40,"column":21},"end":{"line":45,"column":6}},"18":{"start":{"line":47,"column":4},"end":{"line":49,"column":5}},"19":{"start":{"line":48,"column":6},"end":{"line":48,"column":61}},"20":{"start":{"line":51,"column":17},"end":{"line":51,"column":38}},"21":{"start":{"line":52,"column":4},"end":{"line":52,"column":19}},"22":{"start":{"line":54,"column":4},"end":{"line":54,"column":51}},"23":{"start":{"line":55,"column":4},"end":{"line":55,"column":67}},"24":{"start":{"line":60,"column":0},"end":{"line":153,"column":3}},"25":{"start":{"line":61,"column":27},"end":{"line":61,"column":36}},"26":{"start":{"line":62,"column":2},"end":{"line":62,"column":33}},"27":{"start":{"line":62,"column":13},"end":{"line":62,"column":33}},"28":{"start":{"line":64,"column":19},"end":{"line":64,"column":40}},"29":{"start":{"line":65,"column":17},"end":{"line":65,"column":35}},"30":{"start":{"line":66,"column":2},"end":{"line":71,"column":3}},"31":{"start":{"line":67,"column":19},"end":{"line":67,"column":35}},"32":{"start":{"line":68,"column":4},"end":{"line":68,"column":41}},"33":{"start":{"line":68,"column":17},"end":{"line":68,"column":41}},"34":{"start":{"line":69,"column":18},"end":{"line":69,"column":27}},"35":{"start":{"line":70,"column":4},"end":{"line":70,"column":77}},"36":{"start":{"line":70,"column":44},"end":{"line":70,"column":74}},"37":{"start":{"line":73,"column":2},"end":{"line":152,"column":3}},"38":{"start":{"line":75,"column":20},"end":{"line":77,"column":7}},"39":{"start":{"line":78,"column":15},"end":{"line":80,"column":6}},"40":{"start":{"line":81,"column":4},"end":{"line":84,"column":5}},"41":{"start":{"line":82,"column":6},"end":{"line":82,"column":51}},"42":{"start":{"line":83,"column":6},"end":{"line":83,"column":38}},"43":{"start":{"line":85,"column":18},"end":{"line":85,"column":33}},"44":{"start":{"line":86,"column":4},"end":{"line":88,"column":5}},"45":{"start":{"line":87,"column":6},"end":{"line":87,"column":26}},"46":{"start":{"line":90,"column":15},"end":{"line":90,"column":35}},"47":{"start":{"line":91,"column":18},"end":{"line":91,"column":31}},"48":{"start":{"line":92,"column":18},"end":{"line":92,"column":31}},"49":{"start":{"line":93,"column":17},"end":{"line":93,"column":30}},"50":{"start":{"line":94,"column":17},"end":{"line":94,"column":30}},"51":{"start":{"line":97,"column":20},"end":{"line":102,"column":5}},"52":{"start":{"line":104,"column":18},"end":{"line":107,"column":10}},"53":{"start":{"line":110,"column":16},"end":{"line":114,"column":8}},"54":{"start":{"line":115,"column":6},"end":{"line":115,"column":71}},"55":{"start":{"line":115,"column":17},"end":{"line":115,"column":71}},"56":{"start":{"line":116,"column":19},"end":{"line":116,"column":33}},"57":{"start":{"line":117,"column":6},"end":{"line":117,"column":18}},"58":{"start":{"line":120,"column":16},"end":{"line":120,"column":20}},"59":{"start":{"line":121,"column":4},"end":{"line":128,"column":5}},"60":{"start":{"line":122,"column":6},"end":{"line":127,"column":7}},"61":{"start":{"line":123,"column":8},"end":{"line":123,"column":32}},"62":{"start":{"line":124,"column":8},"end":{"line":124,"column":14}},"63":{"start":{"line":126,"column":8},"end":{"line":126,"column":17}},"64":{"start":{"line":129,"column":4},"end":{"line":131,"column":5}},"65":{"start":{"line":130,"column":6},"end":{"line":130,"column":38}},"66":{"start":{"line":134,"column":16},"end":{"line":136,"column":22}},"67":{"start":{"line":135,"column":19},"end":{"line":135,"column":41}},"68":{"start":{"line":138,"column":4},"end":{"line":141,"column":48}},"69":{"start":{"line":139,"column":18},"end":{"line":139,"column":34}},"70":{"start":{"line":140,"column":21},"end":{"line":140,"column":33}},"71":{"start":{"line":141,"column":22},"end":{"line":141,"column":46}},"72":{"start":{"line":143,"column":4},"end":{"line":143,"column":30}},"73":{"start":{"line":145,"column":19},"end":{"line":145,"column":35}},"74":{"start":{"line":146,"column":4},"end":{"line":146,"column":40}},"75":{"start":{"line":146,"column":17},"end":{"line":146,"column":40}},"76":{"start":{"line":147,"column":18},"end":{"line":147,"column":27}},"77":{"start":{"line":148,"column":4},"end":{"line":148,"column":76}},"78":{"start":{"line":148,"column":43},"end":{"line":148,"column":73}},"79":{"start":{"line":150,"column":4},"end":{"line":150,"column":47}},"80":{"start":{"line":151,"column":4},"end":{"line":151,"column":36}},"81":{"start":{"line":156,"column":19},"end":{"line":156,"column":62}},"82":{"start":{"line":157,"column":17},"end":{"line":157,"column":19}},"83":{"start":{"line":159,"column":0},"end":{"line":170,"column":1}},"84":{"start":{"line":160,"column":14},"end":{"line":160,"column":49}},"85":{"start":{"line":161,"column":17},"end":{"line":161,"column":32}},"86":{"start":{"line":162,"column":2},"end":{"line":167,"column":3}},"87":{"start":{"line":163,"column":4},"end":{"line":163,"column":24}},"88":{"start":{"line":166,"column":4},"end":{"line":166,"column":63}},"89":{"start":{"line":169,"column":2},"end":{"line":169,"column":61}},"90":{"start":{"line":173,"column":0},"end":{"line":266,"column":3}},"91":{"start":{"line":174,"column":22},"end":{"line":174,"column":31}},"92":{"start":{"line":175,"column":15},"end":{"line":175,"column":43}},"93":{"start":{"line":176,"column":2},"end":{"line":178,"column":3}},"94":{"start":{"line":177,"column":4},"end":{"line":177,"column":61}},"95":{"start":{"line":181,"column":18},"end":{"line":184,"column":22}},"96":{"start":{"line":183,"column":18},"end":{"line":183,"column":26}},"97":{"start":{"line":185,"column":18},"end":{"line":185,"column":32}},"98":{"start":{"line":186,"column":17},"end":{"line":186,"column":52}},"99":{"start":{"line":187,"column":14},"end":{"line":187,"column":46}},"100":{"start":{"line":188,"column":19},"end":{"line":188,"column":35}},"101":{"start":{"line":189,"column":18},"end":{"line":189,"column":31}},"102":{"start":{"line":190,"column":4},"end":{"line":190,"column":35}},"103":{"start":{"line":194,"column":4},"end":{"line":197,"column":14}},"104":{"start":{"line":201,"column":19},"end":{"line":210,"column":6}},"105":{"start":{"line":211,"column":16},"end":{"line":211,"column":81}},"106":{"start":{"line":212,"column":14},"end":{"line":214,"column":6}},"107":{"start":{"line":215,"column":4},"end":{"line":215,"column":27}},"108":{"start":{"line":215,"column":15},"end":{"line":215,"column":27}},"109":{"start":{"line":216,"column":16},"end":{"line":216,"column":30}},"110":{"start":{"line":217,"column":4},"end":{"line":217,"column":60}},"111":{"start":{"line":221,"column":19},"end":{"line":228,"column":6}},"112":{"start":{"line":229,"column":16},"end":{"line":229,"column":81}},"113":{"start":{"line":230,"column":14},"end":{"line":232,"column":6}},"114":{"start":{"line":233,"column":4},"end":{"line":233,"column":27}},"115":{"start":{"line":233,"column":15},"end":{"line":233,"column":27}},"116":{"start":{"line":234,"column":16},"end":{"line":234,"column":30}},"117":{"start":{"line":235,"column":4},"end":{"line":235,"column":60}},"118":{"start":{"line":238,"column":2},"end":{"line":265,"column":3}},"119":{"start":{"line":239,"column":18},"end":{"line":239,"column":34}},"120":{"start":{"line":240,"column":21},"end":{"line":240,"column":46}},"121":{"start":{"line":242,"column":14},"end":{"line":242,"column":73}},"122":{"start":{"line":243,"column":4},"end":{"line":243,"column":71}},"123":{"start":{"line":243,"column":14},"end":{"line":243,"column":71}},"124":{"start":{"line":244,"column":4},"end":{"line":247,"column":8}},"125":{"start":{"line":245,"column":6},"end":{"line":247,"column":8}},"126":{"start":{"line":248,"column":4},"end":{"line":248,"column":76}},"127":{"start":{"line":248,"column":14},"end":{"line":248,"column":76}},"128":{"start":{"line":250,"column":4},"end":{"line":255,"column":5}},"129":{"start":{"line":251,"column":6},"end":{"line":254,"column":9}},"130":{"start":{"line":257,"column":4},"end":{"line":262,"column":7}},"131":{"start":{"line":264,"column":4},"end":{"line":264,"column":65}},"132":{"start":{"line":269,"column":0},"end":{"line":271,"column":3}},"133":{"start":{"line":270,"column":2},"end":{"line":270,"column":23}},"134":{"start":{"line":274,"column":0},"end":{"line":319,"column":3}},"135":{"start":{"line":275,"column":16},"end":{"line":275,"column":25}},"136":{"start":{"line":277,"column":2},"end":{"line":279,"column":3}},"137":{"start":{"line":278,"column":4},"end":{"line":278,"column":69}},"138":{"start":{"line":281,"column":2},"end":{"line":318,"column":3}},"139":{"start":{"line":282,"column":16},"end":{"line":284,"column":7}},"140":{"start":{"line":286,"column":21},"end":{"line":291,"column":6}},"141":{"start":{"line":293,"column":4},"end":{"line":295,"column":5}},"142":{"start":{"line":294,"column":6},"end":{"line":294,"column":67}},"143":{"start":{"line":297,"column":17},"end":{"line":297,"column":38}},"144":{"start":{"line":299,"column":4},"end":{"line":301,"column":5}},"145":{"start":{"line":300,"column":6},"end":{"line":300,"column":40}},"146":{"start":{"line":303,"column":19},"end":{"line":303,"column":26}},"147":{"start":{"line":304,"column":4},"end":{"line":314,"column":7}},"148":{"start":{"line":316,"column":4},"end":{"line":316,"column":53}},"149":{"start":{"line":317,"column":4},"end":{"line":317,"column":65}}},"fnMap":{"0":{"name":"getCache","decl":{"start":{"line":15,"column":9},"end":{"line":15,"column":17}},"loc":{"start":{"line":15,"column":23},"end":{"line":20,"column":1}},"line":15},"1":{"name":"setCache","decl":{"start":{"line":21,"column":9},"end":{"line":21,"column":17}},"loc":{"start":{"line":21,"column":29},"end":{"line":23,"column":1}},"line":21},"2":{"name":"(anonymous_2)","decl":{"start":{"line":27,"column":16},"end":{"line":27,"column":17}},"loc":{"start":{"line":27,"column":36},"end":{"line":57,"column":1}},"line":27},"3":{"name":"(anonymous_3)","decl":{"start":{"line":60,"column":23},"end":{"line":60,"column":24}},"loc":{"start":{"line":60,"column":43},"end":{"line":153,"column":1}},"line":60},"4":{"name":"(anonymous_4)","decl":{"start":{"line":70,"column":34},"end":{"line":70,"column":35}},"loc":{"start":{"line":70,"column":44},"end":{"line":70,"column":74}},"line":70},"5":{"name":"tryOne","decl":{"start":{"line":109,"column":19},"end":{"line":109,"column":25}},"loc":{"start":{"line":109,"column":31},"end":{"line":118,"column":5}},"line":109},"6":{"name":"(anonymous_6)","decl":{"start":{"line":135,"column":11},"end":{"line":135,"column":12}},"loc":{"start":{"line":135,"column":19},"end":{"line":135,"column":41}},"line":135},"7":{"name":"(anonymous_7)","decl":{"start":{"line":139,"column":11},"end":{"line":139,"column":12}},"loc":{"start":{"line":139,"column":18},"end":{"line":139,"column":34}},"line":139},"8":{"name":"(anonymous_8)","decl":{"start":{"line":140,"column":14},"end":{"line":140,"column":15}},"loc":{"start":{"line":140,"column":21},"end":{"line":140,"column":33}},"line":140},"9":{"name":"(anonymous_9)","decl":{"start":{"line":141,"column":12},"end":{"line":141,"column":13}},"loc":{"start":{"line":141,"column":22},"end":{"line":141,"column":46}},"line":141},"10":{"name":"(anonymous_10)","decl":{"start":{"line":148,"column":33},"end":{"line":148,"column":34}},"loc":{"start":{"line":148,"column":43},"end":{"line":148,"column":73}},"line":148},"11":{"name":"(anonymous_11)","decl":{"start":{"line":173,"column":24},"end":{"line":173,"column":25}},"loc":{"start":{"line":173,"column":44},"end":{"line":266,"column":1}},"line":173},"12":{"name":"parseParts","decl":{"start":{"line":180,"column":11},"end":{"line":180,"column":21}},"loc":{"start":{"line":180,"column":25},"end":{"line":191,"column":3}},"line":180},"13":{"name":"(anonymous_13)","decl":{"start":{"line":183,"column":11},"end":{"line":183,"column":12}},"loc":{"start":{"line":183,"column":18},"end":{"line":183,"column":26}},"line":183},"14":{"name":"normalizeCity","decl":{"start":{"line":193,"column":11},"end":{"line":193,"column":24}},"loc":{"start":{"line":193,"column":28},"end":{"line":198,"column":3}},"line":193},"15":{"name":"searchStructured","decl":{"start":{"line":200,"column":17},"end":{"line":200,"column":33}},"loc":{"start":{"line":200,"column":55},"end":{"line":218,"column":3}},"line":200},"16":{"name":"searchFree","decl":{"start":{"line":220,"column":17},"end":{"line":220,"column":27}},"loc":{"start":{"line":220,"column":34},"end":{"line":236,"column":3}},"line":220},"17":{"name":"(anonymous_17)","decl":{"start":{"line":269,"column":22},"end":{"line":269,"column":23}},"loc":{"start":{"line":269,"column":36},"end":{"line":271,"column":1}},"line":269},"18":{"name":"(anonymous_18)","decl":{"start":{"line":274,"column":22},"end":{"line":274,"column":23}},"loc":{"start":{"line":274,"column":42},"end":{"line":319,"column":1}},"line":274}},"branchMap":{"0":{"loc":{"start":{"line":17,"column":2},"end":{"line":17,"column":55}},"type":"if","locations":[{"start":{"line":17,"column":2},"end":{"line":17,"column":55}},{"start":{},"end":{}}],"line":17},"1":{"loc":{"start":{"line":17,"column":6},"end":{"line":17,"column":37}},"type":"binary-expr","locations":[{"start":{"line":17,"column":6},"end":{"line":17,"column":9}},{"start":{"line":17,"column":13},"end":{"line":17,"column":37}}],"line":17},"2":{"loc":{"start":{"line":31,"column":4},"end":{"line":33,"column":5}},"type":"if","locations":[{"start":{"line":31,"column":4},"end":{"line":33,"column":5}},{"start":{},"end":{}}],"line":31},"3":{"loc":{"start":{"line":47,"column":4},"end":{"line":49,"column":5}},"type":"if","locations":[{"start":{"line":47,"column":4},"end":{"line":49,"column":5}},{"start":{},"end":{}}],"line":47},"4":{"loc":{"start":{"line":61,"column":16},"end":{"line":61,"column":22}},"type":"default-arg","locations":[{"start":{"line":61,"column":20},"end":{"line":61,"column":22}}],"line":61},"5":{"loc":{"start":{"line":62,"column":2},"end":{"line":62,"column":33}},"type":"if","locations":[{"start":{"line":62,"column":2},"end":{"line":62,"column":33}},{"start":{},"end":{}}],"line":62},"6":{"loc":{"start":{"line":66,"column":2},"end":{"line":71,"column":3}},"type":"if","locations":[{"start":{"line":66,"column":2},"end":{"line":71,"column":3}},{"start":{},"end":{}}],"line":66},"7":{"loc":{"start":{"line":68,"column":4},"end":{"line":68,"column":41}},"type":"if","locations":[{"start":{"line":68,"column":4},"end":{"line":68,"column":41}},{"start":{},"end":{}}],"line":68},"8":{"loc":{"start":{"line":81,"column":4},"end":{"line":84,"column":5}},"type":"if","locations":[{"start":{"line":81,"column":4},"end":{"line":84,"column":5}},{"start":{},"end":{}}],"line":81},"9":{"loc":{"start":{"line":86,"column":4},"end":{"line":88,"column":5}},"type":"if","locations":[{"start":{"line":86,"column":4},"end":{"line":88,"column":5}},{"start":{},"end":{}}],"line":86},"10":{"loc":{"start":{"line":86,"column":8},"end":{"line":86,"column":46}},"type":"binary-expr","locations":[{"start":{"line":86,"column":8},"end":{"line":86,"column":29}},{"start":{"line":86,"column":33},"end":{"line":86,"column":46}}],"line":86},"11":{"loc":{"start":{"line":115,"column":6},"end":{"line":115,"column":71}},"type":"if","locations":[{"start":{"line":115,"column":6},"end":{"line":115,"column":71}},{"start":{},"end":{}}],"line":115},"12":{"loc":{"start":{"line":129,"column":4},"end":{"line":131,"column":5}},"type":"if","locations":[{"start":{"line":129,"column":4},"end":{"line":131,"column":5}},{"start":{},"end":{}}],"line":129},"13":{"loc":{"start":{"line":134,"column":17},"end":{"line":134,"column":37}},"type":"binary-expr","locations":[{"start":{"line":134,"column":17},"end":{"line":134,"column":31}},{"start":{"line":134,"column":35},"end":{"line":134,"column":37}}],"line":134},"14":{"loc":{"start":{"line":135,"column":19},"end":{"line":135,"column":41}},"type":"binary-expr","locations":[{"start":{"line":135,"column":19},"end":{"line":135,"column":33}},{"start":{"line":135,"column":37},"end":{"line":135,"column":41}}],"line":135},"15":{"loc":{"start":{"line":146,"column":4},"end":{"line":146,"column":40}},"type":"if","locations":[{"start":{"line":146,"column":4},"end":{"line":146,"column":40}},{"start":{},"end":{}}],"line":146},"16":{"loc":{"start":{"line":162,"column":2},"end":{"line":167,"column":3}},"type":"if","locations":[{"start":{"line":162,"column":2},"end":{"line":167,"column":3}},{"start":{"line":165,"column":9},"end":{"line":167,"column":3}}],"line":162},"17":{"loc":{"start":{"line":175,"column":22},"end":{"line":175,"column":35}},"type":"binary-expr","locations":[{"start":{"line":175,"column":22},"end":{"line":175,"column":29}},{"start":{"line":175,"column":33},"end":{"line":175,"column":35}}],"line":175},"18":{"loc":{"start":{"line":176,"column":2},"end":{"line":178,"column":3}},"type":"if","locations":[{"start":{"line":176,"column":2},"end":{"line":178,"column":3}},{"start":{},"end":{}}],"line":176},"19":{"loc":{"start":{"line":185,"column":18},"end":{"line":185,"column":32}},"type":"binary-expr","locations":[{"start":{"line":185,"column":18},"end":{"line":185,"column":26}},{"start":{"line":185,"column":30},"end":{"line":185,"column":32}}],"line":185},"20":{"loc":{"start":{"line":186,"column":18},"end":{"line":186,"column":44}},"type":"binary-expr","locations":[{"start":{"line":186,"column":18},"end":{"line":186,"column":26}},{"start":{"line":186,"column":30},"end":{"line":186,"column":38}},{"start":{"line":186,"column":42},"end":{"line":186,"column":44}}],"line":186},"21":{"loc":{"start":{"line":188,"column":19},"end":{"line":188,"column":35}},"type":"cond-expr","locations":[{"start":{"line":188,"column":23},"end":{"line":188,"column":27}},{"start":{"line":188,"column":30},"end":{"line":188,"column":35}}],"line":188},"22":{"loc":{"start":{"line":189,"column":18},"end":{"line":189,"column":31}},"type":"cond-expr","locations":[{"start":{"line":189,"column":22},"end":{"line":189,"column":26}},{"start":{"line":189,"column":29},"end":{"line":189,"column":31}}],"line":189},"23":{"loc":{"start":{"line":194,"column":18},"end":{"line":194,"column":25}},"type":"binary-expr","locations":[{"start":{"line":194,"column":18},"end":{"line":194,"column":19}},{"start":{"line":194,"column":23},"end":{"line":194,"column":25}}],"line":194},"24":{"loc":{"start":{"line":207,"column":14},"end":{"line":207,"column":51}},"type":"cond-expr","locations":[{"start":{"line":207,"column":22},"end":{"line":207,"column":42}},{"start":{"line":207,"column":45},"end":{"line":207,"column":51}}],"line":207},"25":{"loc":{"start":{"line":215,"column":4},"end":{"line":215,"column":27}},"type":"if","locations":[{"start":{"line":215,"column":4},"end":{"line":215,"column":27}},{"start":{},"end":{}}],"line":215},"26":{"loc":{"start":{"line":217,"column":11},"end":{"line":217,"column":59}},"type":"cond-expr","locations":[{"start":{"line":217,"column":46},"end":{"line":217,"column":52}},{"start":{"line":217,"column":55},"end":{"line":217,"column":59}}],"line":217},"27":{"loc":{"start":{"line":217,"column":11},"end":{"line":217,"column":43}},"type":"binary-expr","locations":[{"start":{"line":217,"column":11},"end":{"line":217,"column":29}},{"start":{"line":217,"column":33},"end":{"line":217,"column":43}}],"line":217},"28":{"loc":{"start":{"line":233,"column":4},"end":{"line":233,"column":27}},"type":"if","locations":[{"start":{"line":233,"column":4},"end":{"line":233,"column":27}},{"start":{},"end":{}}],"line":233},"29":{"loc":{"start":{"line":235,"column":11},"end":{"line":235,"column":59}},"type":"cond-expr","locations":[{"start":{"line":235,"column":46},"end":{"line":235,"column":52}},{"start":{"line":235,"column":55},"end":{"line":235,"column":59}}],"line":235},"30":{"loc":{"start":{"line":235,"column":11},"end":{"line":235,"column":43}},"type":"binary-expr","locations":[{"start":{"line":235,"column":11},"end":{"line":235,"column":29}},{"start":{"line":235,"column":33},"end":{"line":235,"column":43}}],"line":235},"31":{"loc":{"start":{"line":243,"column":4},"end":{"line":243,"column":71}},"type":"if","locations":[{"start":{"line":243,"column":4},"end":{"line":243,"column":71}},{"start":{},"end":{}}],"line":243},"32":{"loc":{"start":{"line":244,"column":4},"end":{"line":247,"column":8}},"type":"if","locations":[{"start":{"line":244,"column":4},"end":{"line":247,"column":8}},{"start":{},"end":{}}],"line":244},"33":{"loc":{"start":{"line":248,"column":4},"end":{"line":248,"column":76}},"type":"if","locations":[{"start":{"line":248,"column":4},"end":{"line":248,"column":76}},{"start":{},"end":{}}],"line":248},"34":{"loc":{"start":{"line":250,"column":4},"end":{"line":255,"column":5}},"type":"if","locations":[{"start":{"line":250,"column":4},"end":{"line":255,"column":5}},{"start":{},"end":{}}],"line":250},"35":{"loc":{"start":{"line":277,"column":2},"end":{"line":279,"column":3}},"type":"if","locations":[{"start":{"line":277,"column":2},"end":{"line":279,"column":3}},{"start":{},"end":{}}],"line":277},"36":{"loc":{"start":{"line":277,"column":6},"end":{"line":277,"column":39}},"type":"binary-expr","locations":[{"start":{"line":277,"column":6},"end":{"line":277,"column":8}},{"start":{"line":277,"column":12},"end":{"line":277,"column":39}}],"line":277},"37":{"loc":{"start":{"line":293,"column":4},"end":{"line":295,"column":5}},"type":"if","locations":[{"start":{"line":293,"column":4},"end":{"line":295,"column":5}},{"start":{},"end":{}}],"line":293},"38":{"loc":{"start":{"line":299,"column":4},"end":{"line":301,"column":5}},"type":"if","locations":[{"start":{"line":299,"column":4},"end":{"line":301,"column":5}},{"start":{},"end":{}}],"line":299},"39":{"loc":{"start":{"line":299,"column":8},"end":{"line":299,"column":34}},"type":"binary-expr","locations":[{"start":{"line":299,"column":8},"end":{"line":299,"column":13}},{"start":{"line":299,"column":17},"end":{"line":299,"column":34}}],"line":299},"40":{"loc":{"start":{"line":309,"column":8},"end":{"line":312,"column":10}},"type":"binary-expr","locations":[{"start":{"line":309,"column":8},"end":{"line":309,"column":28}},{"start":{"line":310,"column":8},"end":{"line":310,"column":28}},{"start":{"line":311,"column":8},"end":{"line":311,"column":31}},{"start":{"line":312,"column":8},"end":{"line":312,"column":10}}],"line":309}},"s":{"0":5,"1":5,"2":5,"3":5,"4":5,"5":0,"6":0,"7":0,"8":0,"9":0,"10":0,"11":5,"12":0,"13":0,"14":0,"15":0,"16":0,"17":0,"18":0,"19":0,"20":0,"21":0,"22":0,"23":0,"24":5,"25":0,"26":0,"27":0,"28":0,"29":0,"30":0,"31":0,"32":0,"33":0,"34":0,"35":0,"36":0,"37":0,"38":0,"39":0,"40":0,"41":0,"42":0,"43":0,"44":0,"45":0,"46":0,"47":0,"48":0,"49":0,"50":0,"51":0,"52":0,"53":0,"54":0,"55":0,"56":0,"57":0,"58":0,"59":0,"60":0,"61":0,"62":0,"63":0,"64":0,"65":0,"66":0,"67":0,"68":0,"69":0,"70":0,"71":0,"72":0,"73":0,"74":0,"75":0,"76":0,"77":0,"78":0,"79":0,"80":0,"81":5,"82":5,"83":5,"84":5,"85":5,"86":5,"87":5,"88":0,"89":0,"90":5,"91":0,"92":0,"93":0,"94":0,"95":0,"96":0,"97":0,"98":0,"99":0,"100":0,"101":0,"102":0,"103":0,"104":0,"105":0,"106":0,"107":0,"108":0,"109":0,"110":0,"111":0,"112":0,"113":0,"114":0,"115":0,"116":0,"117":0,"118":0,"119":0,"120":0,"121":0,"122":0,"123":0,"124":0,"125":0,"126":0,"127":0,"128":0,"129":0,"130":0,"131":0,"132":5,"133":0,"134":5,"135":0,"136":0,"137":0,"138":0,"139":0,"140":0,"141":0,"142":0,"143":0,"144":0,"145":0,"146":0,"147":0,"148":0,"149":0},"f":{"0":0,"1":0,"2":0,"3":0,"4":0,"5":0,"6":0,"7":0,"8":0,"9":0,"10":0,"11":0,"12":0,"13":0,"14":0,"15":0,"16":0,"17":0,"18":0},"b":{"0":[0,0],"1":[0,0],"2":[0,0],"3":[0,0],"4":[0],"5":[0,0],"6":[0,0],"7":[0,0],"8":[0,0],"9":[0,0],"10":[0,0],"11":[0,0],"12":[0,0],"13":[0,0],"14":[0,0],"15":[0,0],"16":[5,0],"17":[0,0],"18":[0,0],"19":[0,0],"20":[0,0,0],"21":[0,0],"22":[0,0],"23":[0,0],"24":[0,0],"25":[0,0],"26":[0,0],"27":[0,0],"28":[0,0],"29":[0,0],"30":[0,0],"31":[0,0],"32":[0,0],"33":[0,0],"34":[0,0],"35":[0,0],"36":[0,0],"37":[0,0],"38":[0,0],"39":[0,0],"40":[0,0,0,0]},"_coverageSchema":"1a1c01bbd47fc00a2c39e90264f33305004495a9","hash":"c01214996ef54fde6ba06474b479ccf59fe2b119"}
,"C:\\Users\\אביבה בובה ברוריאן\\fresh end\\backend\\routes\\images.js": {"path":"C:\\Users\\אביבה בובה ברוריאן\\fresh end\\backend\\routes\\images.js","statementMap":{"0":{"start":{"line":5,"column":15},"end":{"line":5,"column":31}},"1":{"start":{"line":8,"column":0},"end":{"line":22,"column":3}},"2":{"start":{"line":9,"column":15},"end":{"line":9,"column":44}},"3":{"start":{"line":10,"column":18},"end":{"line":10,"column":50}},"4":{"start":{"line":11,"column":2},"end":{"line":15,"column":3}},"5":{"start":{"line":12,"column":4},"end":{"line":14,"column":61}},"6":{"start":{"line":16,"column":2},"end":{"line":21,"column":3}},"7":{"start":{"line":17,"column":16},"end":{"line":17,"column":57}},"8":{"start":{"line":18,"column":4},"end":{"line":18,"column":54}},"9":{"start":{"line":20,"column":4},"end":{"line":20,"column":65}},"10":{"start":{"line":28,"column":0},"end":{"line":92,"column":3}},"11":{"start":{"line":29,"column":16},"end":{"line":29,"column":62}},"12":{"start":{"line":30,"column":17},"end":{"line":30,"column":35}},"13":{"start":{"line":32,"column":19},"end":{"line":40,"column":3}},"14":{"start":{"line":42,"column":2},"end":{"line":91,"column":3}},"15":{"start":{"line":43,"column":18},"end":{"line":43,"column":61}},"16":{"start":{"line":44,"column":20},"end":{"line":44,"column":22}},"17":{"start":{"line":45,"column":4},"end":{"line":85,"column":5}},"18":{"start":{"line":46,"column":19},"end":{"line":46,"column":43}},"19":{"start":{"line":47,"column":22},"end":{"line":47,"column":49}},"20":{"start":{"line":48,"column":6},"end":{"line":48,"column":38}},"21":{"start":{"line":48,"column":29},"end":{"line":48,"column":38}},"22":{"start":{"line":50,"column":6},"end":{"line":84,"column":7}},"23":{"start":{"line":51,"column":20},"end":{"line":51,"column":61}},"24":{"start":{"line":52,"column":8},"end":{"line":74,"column":9}},"25":{"start":{"line":53,"column":10},"end":{"line":58,"column":11}},"26":{"start":{"line":54,"column":12},"end":{"line":57,"column":14}},"27":{"start":{"line":59,"column":10},"end":{"line":65,"column":13}},"28":{"start":{"line":67,"column":10},"end":{"line":73,"column":13}},"29":{"start":{"line":76,"column":8},"end":{"line":83,"column":11}},"30":{"start":{"line":87,"column":4},"end":{"line":87,"column":78}},"31":{"start":{"line":89,"column":4},"end":{"line":89,"column":40}},"32":{"start":{"line":90,"column":4},"end":{"line":90,"column":65}},"33":{"start":{"line":98,"column":0},"end":{"line":123,"column":3}},"34":{"start":{"line":99,"column":2},"end":{"line":122,"column":3}},"35":{"start":{"line":100,"column":28},"end":{"line":100,"column":36}},"36":{"start":{"line":101,"column":4},"end":{"line":103,"column":5}},"37":{"start":{"line":102,"column":6},"end":{"line":102,"column":79}},"38":{"start":{"line":105,"column":19},"end":{"line":105,"column":67}},"39":{"start":{"line":106,"column":4},"end":{"line":118,"column":5}},"40":{"start":{"line":107,"column":6},"end":{"line":115,"column":9}},"41":{"start":{"line":109,"column":37},"end":{"line":114,"column":9}},"42":{"start":{"line":117,"column":6},"end":{"line":117,"column":49}},"43":{"start":{"line":120,"column":4},"end":{"line":120,"column":45}},"44":{"start":{"line":121,"column":4},"end":{"line":121,"column":65}},"45":{"start":{"line":129,"column":0},"end":{"line":157,"column":3}},"46":{"start":{"line":130,"column":2},"end":{"line":156,"column":3}},"47":{"start":{"line":131,"column":28},"end":{"line":131,"column":36}},"48":{"start":{"line":133,"column":4},"end":{"line":135,"column":5}},"49":{"start":{"line":134,"column":6},"end":{"line":134,"column":79}},"50":{"start":{"line":138,"column":21},"end":{"line":138,"column":64}},"51":{"start":{"line":140,"column":4},"end":{"line":152,"column":5}},"52":{"start":{"line":141,"column":6},"end":{"line":145,"column":9}},"53":{"start":{"line":147,"column":6},"end":{"line":151,"column":9}},"54":{"start":{"line":154,"column":4},"end":{"line":154,"column":43}},"55":{"start":{"line":155,"column":4},"end":{"line":155,"column":65}}},"fnMap":{"0":{"name":"(anonymous_0)","decl":{"start":{"line":8,"column":27},"end":{"line":8,"column":28}},"loc":{"start":{"line":8,"column":47},"end":{"line":22,"column":1}},"line":8},"1":{"name":"(anonymous_1)","decl":{"start":{"line":28,"column":32},"end":{"line":28,"column":33}},"loc":{"start":{"line":28,"column":52},"end":{"line":92,"column":1}},"line":28},"2":{"name":"(anonymous_2)","decl":{"start":{"line":98,"column":37},"end":{"line":98,"column":38}},"loc":{"start":{"line":98,"column":57},"end":{"line":123,"column":1}},"line":98},"3":{"name":"(anonymous_3)","decl":{"start":{"line":109,"column":27},"end":{"line":109,"column":28}},"loc":{"start":{"line":109,"column":37},"end":{"line":114,"column":9}},"line":109},"4":{"name":"(anonymous_4)","decl":{"start":{"line":129,"column":35},"end":{"line":129,"column":36}},"loc":{"start":{"line":129,"column":55},"end":{"line":157,"column":1}},"line":129}},"branchMap":{"0":{"loc":{"start":{"line":9,"column":16},"end":{"line":9,"column":36}},"type":"binary-expr","locations":[{"start":{"line":9,"column":16},"end":{"line":9,"column":30}},{"start":{"line":9,"column":34},"end":{"line":9,"column":36}}],"line":9},"1":{"loc":{"start":{"line":10,"column":19},"end":{"line":10,"column":42}},"type":"binary-expr","locations":[{"start":{"line":10,"column":19},"end":{"line":10,"column":36}},{"start":{"line":10,"column":40},"end":{"line":10,"column":42}}],"line":10},"2":{"loc":{"start":{"line":11,"column":2},"end":{"line":15,"column":3}},"type":"if","locations":[{"start":{"line":11,"column":2},"end":{"line":15,"column":3}},{"start":{},"end":{}}],"line":11},"3":{"loc":{"start":{"line":11,"column":6},"end":{"line":11,"column":23}},"type":"binary-expr","locations":[{"start":{"line":11,"column":6},"end":{"line":11,"column":11}},{"start":{"line":11,"column":15},"end":{"line":11,"column":23}}],"line":11},"4":{"loc":{"start":{"line":29,"column":25},"end":{"line":29,"column":55}},"type":"binary-expr","locations":[{"start":{"line":29,"column":25},"end":{"line":29,"column":48}},{"start":{"line":29,"column":52},"end":{"line":29,"column":55}}],"line":29},"5":{"loc":{"start":{"line":46,"column":20},"end":{"line":46,"column":35}},"type":"binary-expr","locations":[{"start":{"line":46,"column":20},"end":{"line":46,"column":29}},{"start":{"line":46,"column":33},"end":{"line":46,"column":35}}],"line":46},"6":{"loc":{"start":{"line":47,"column":23},"end":{"line":47,"column":41}},"type":"binary-expr","locations":[{"start":{"line":47,"column":23},"end":{"line":47,"column":35}},{"start":{"line":47,"column":39},"end":{"line":47,"column":41}}],"line":47},"7":{"loc":{"start":{"line":48,"column":6},"end":{"line":48,"column":38}},"type":"if","locations":[{"start":{"line":48,"column":6},"end":{"line":48,"column":38}},{"start":{},"end":{}}],"line":48},"8":{"loc":{"start":{"line":48,"column":10},"end":{"line":48,"column":27}},"type":"binary-expr","locations":[{"start":{"line":48,"column":10},"end":{"line":48,"column":15}},{"start":{"line":48,"column":19},"end":{"line":48,"column":27}}],"line":48},"9":{"loc":{"start":{"line":52,"column":8},"end":{"line":74,"column":9}},"type":"if","locations":[{"start":{"line":52,"column":8},"end":{"line":74,"column":9}},{"start":{"line":66,"column":15},"end":{"line":74,"column":9}}],"line":52},"10":{"loc":{"start":{"line":52,"column":12},"end":{"line":52,"column":44}},"type":"binary-expr","locations":[{"start":{"line":52,"column":12},"end":{"line":52,"column":15}},{"start":{"line":52,"column":19},"end":{"line":52,"column":44}}],"line":52},"11":{"loc":{"start":{"line":53,"column":10},"end":{"line":58,"column":11}},"type":"if","locations":[{"start":{"line":53,"column":10},"end":{"line":58,"column":11}},{"start":{},"end":{}}],"line":53},"12":{"loc":{"start":{"line":101,"column":4},"end":{"line":103,"column":5}},"type":"if","locations":[{"start":{"line":101,"column":4},"end":{"line":103,"column":5}},{"start":{},"end":{}}],"line":101},"13":{"loc":{"start":{"line":106,"column":4},"end":{"line":118,"column":5}},"type":"if","locations":[{"start":{"line":106,"column":4},"end":{"line":118,"column":5}},{"start":{"line":116,"column":11},"end":{"line":118,"column":5}}],"line":106},"14":{"loc":{"start":{"line":106,"column":8},"end":{"line":106,"column":35}},"type":"binary-expr","locations":[{"start":{"line":106,"column":8},"end":{"line":106,"column":14}},{"start":{"line":106,"column":18},"end":{"line":106,"column":35}}],"line":106},"15":{"loc":{"start":{"line":133,"column":4},"end":{"line":135,"column":5}},"type":"if","locations":[{"start":{"line":133,"column":4},"end":{"line":135,"column":5}},{"start":{},"end":{}}],"line":133},"16":{"loc":{"start":{"line":140,"column":4},"end":{"line":152,"column":5}},"type":"if","locations":[{"start":{"line":140,"column":4},"end":{"line":152,"column":5}},{"start":{"line":146,"column":11},"end":{"line":152,"column":5}}],"line":140}},"s":{"0":5,"1":5,"2":0,"3":0,"4":0,"5":0,"6":0,"7":0,"8":0,"9":0,"10":5,"11":0,"12":0,"13":0,"14":0,"15":0,"16":0,"17":0,"18":0,"19":0,"20":0,"21":0,"22":0,"23":0,"24":0,"25":0,"26":0,"27":0,"28":0,"29":0,"30":0,"31":0,"32":0,"33":5,"34":0,"35":0,"36":0,"37":0,"38":0,"39":0,"40":0,"41":0,"42":0,"43":0,"44":0,"45":5,"46":0,"47":0,"48":0,"49":0,"50":0,"51":0,"52":0,"53":0,"54":0,"55":0},"f":{"0":0,"1":0,"2":0,"3":0,"4":0},"b":{"0":[0,0],"1":[0,0],"2":[0,0],"3":[0,0],"4":[0,0],"5":[0,0],"6":[0,0],"7":[0,0],"8":[0,0],"9":[0,0],"10":[0,0],"11":[0,0],"12":[0,0],"13":[0,0],"14":[0,0],"15":[0,0],"16":[0,0]},"_coverageSchema":"1a1c01bbd47fc00a2c39e90264f33305004495a9","hash":"fe943ae4e7694f5361dc27c765c1381b469808fe"}
,"C:\\Users\\אביבה בובה ברוריאן\\fresh end\\backend\\routes\\importProfiles.js": {"path":"C:\\Users\\אביבה בובה ברוריאן\\fresh end\\backend\\routes\\importProfiles.js","statementMap":{"0":{"start":{"line":6,"column":15},"end":{"line":6,"column":31}},"1":{"start":{"line":8,"column":24},"end":{"line":8,"column":79}},"2":{"start":{"line":11,"column":0},"end":{"line":52,"column":3}},"3":{"start":{"line":12,"column":2},"end":{"line":51,"column":3}},"4":{"start":{"line":13,"column":19},"end":{"line":13,"column":54}},"5":{"start":{"line":14,"column":18},"end":{"line":14,"column":57}},"6":{"start":{"line":16,"column":4},"end":{"line":45,"column":5}},"7":{"start":{"line":18,"column":6},"end":{"line":44,"column":9}},"8":{"start":{"line":47,"column":4},"end":{"line":47,"column":22}},"9":{"start":{"line":49,"column":4},"end":{"line":49,"column":49}},"10":{"start":{"line":50,"column":4},"end":{"line":50,"column":49}},"11":{"start":{"line":55,"column":0},"end":{"line":94,"column":3}},"12":{"start":{"line":56,"column":2},"end":{"line":93,"column":3}},"13":{"start":{"line":57,"column":19},"end":{"line":57,"column":54}},"14":{"start":{"line":58,"column":60},"end":{"line":58,"column":68}},"15":{"start":{"line":60,"column":4},"end":{"line":67,"column":7}},"16":{"start":{"line":69,"column":19},"end":{"line":80,"column":5}},"17":{"start":{"line":82,"column":20},"end":{"line":86,"column":5}},"18":{"start":{"line":88,"column":4},"end":{"line":88,"column":50}},"19":{"start":{"line":89,"column":4},"end":{"line":89,"column":36}},"20":{"start":{"line":91,"column":4},"end":{"line":91,"column":48}},"21":{"start":{"line":92,"column":4},"end":{"line":92,"column":49}},"22":{"start":{"line":97,"column":0},"end":{"line":113,"column":3}},"23":{"start":{"line":98,"column":2},"end":{"line":112,"column":3}},"24":{"start":{"line":99,"column":19},"end":{"line":99,"column":54}},"25":{"start":{"line":100,"column":24},"end":{"line":100,"column":47}},"26":{"start":{"line":102,"column":20},"end":{"line":106,"column":5}},"27":{"start":{"line":108,"column":4},"end":{"line":108,"column":36}},"28":{"start":{"line":110,"column":4},"end":{"line":110,"column":49}},"29":{"start":{"line":111,"column":4},"end":{"line":111,"column":49}}},"fnMap":{"0":{"name":"(anonymous_0)","decl":{"start":{"line":11,"column":16},"end":{"line":11,"column":17}},"loc":{"start":{"line":11,"column":36},"end":{"line":52,"column":1}},"line":11},"1":{"name":"(anonymous_1)","decl":{"start":{"line":55,"column":24},"end":{"line":55,"column":25}},"loc":{"start":{"line":55,"column":44},"end":{"line":94,"column":1}},"line":55},"2":{"name":"(anonymous_2)","decl":{"start":{"line":97,"column":17},"end":{"line":97,"column":18}},"loc":{"start":{"line":97,"column":37},"end":{"line":113,"column":1}},"line":97}},"branchMap":{"0":{"loc":{"start":{"line":13,"column":19},"end":{"line":13,"column":54}},"type":"binary-expr","locations":[{"start":{"line":13,"column":19},"end":{"line":13,"column":35}},{"start":{"line":13,"column":39},"end":{"line":13,"column":54}}],"line":13},"1":{"loc":{"start":{"line":16,"column":4},"end":{"line":45,"column":5}},"type":"if","locations":[{"start":{"line":16,"column":4},"end":{"line":45,"column":5}},{"start":{},"end":{}}],"line":16},"2":{"loc":{"start":{"line":57,"column":19},"end":{"line":57,"column":54}},"type":"binary-expr","locations":[{"start":{"line":57,"column":19},"end":{"line":57,"column":35}},{"start":{"line":57,"column":39},"end":{"line":57,"column":54}}],"line":57},"3":{"loc":{"start":{"line":73,"column":21},"end":{"line":73,"column":54}},"type":"binary-expr","locations":[{"start":{"line":73,"column":21},"end":{"line":73,"column":32}},{"start":{"line":73,"column":36},"end":{"line":73,"column":54}}],"line":73},"4":{"loc":{"start":{"line":76,"column":14},"end":{"line":76,"column":24}},"type":"binary-expr","locations":[{"start":{"line":76,"column":14},"end":{"line":76,"column":18}},{"start":{"line":76,"column":22},"end":{"line":76,"column":24}}],"line":76},"5":{"loc":{"start":{"line":77,"column":16},"end":{"line":77,"column":28}},"type":"binary-expr","locations":[{"start":{"line":77,"column":16},"end":{"line":77,"column":22}},{"start":{"line":77,"column":26},"end":{"line":77,"column":28}}],"line":77},"6":{"loc":{"start":{"line":78,"column":16},"end":{"line":78,"column":28}},"type":"binary-expr","locations":[{"start":{"line":78,"column":16},"end":{"line":78,"column":22}},{"start":{"line":78,"column":26},"end":{"line":78,"column":28}}],"line":78},"7":{"loc":{"start":{"line":99,"column":19},"end":{"line":99,"column":54}},"type":"binary-expr","locations":[{"start":{"line":99,"column":19},"end":{"line":99,"column":35}},{"start":{"line":99,"column":39},"end":{"line":99,"column":54}}],"line":99}},"s":{"0":5,"1":5,"2":5,"3":0,"4":0,"5":0,"6":0,"7":0,"8":0,"9":0,"10":0,"11":5,"12":0,"13":0,"14":0,"15":0,"16":0,"17":0,"18":0,"19":0,"20":0,"21":0,"22":5,"23":0,"24":0,"25":0,"26":0,"27":0,"28":0,"29":0},"f":{"0":0,"1":0,"2":0},"b":{"0":[0,0],"1":[0,0],"2":[0,0],"3":[0,0],"4":[0,0],"5":[0,0],"6":[0,0],"7":[0,0]},"_coverageSchema":"1a1c01bbd47fc00a2c39e90264f33305004495a9","hash":"9c9385e1356d4c3724adfb84110a80c3979f8299"}
,"C:\\Users\\אביבה בובה ברוריאן\\fresh end\\backend\\routes\\inventory.js": {"path":"C:\\Users\\אביבה בובה ברוריאן\\fresh end\\backend\\routes\\inventory.js","statementMap":{"0":{"start":{"line":16,"column":15},"end":{"line":16,"column":31}},"1":{"start":{"line":17,"column":15},"end":{"line":17,"column":43}},"2":{"start":{"line":20,"column":17},"end":{"line":54,"column":1}},"3":{"start":{"line":56,"column":19},"end":{"line":63,"column":1}},"4":{"start":{"line":57,"column":18},"end":{"line":57,"column":46}},"5":{"start":{"line":58,"column":21},"end":{"line":58,"column":68}},"6":{"start":{"line":58,"column":40},"end":{"line":58,"column":67}},"7":{"start":{"line":59,"column":14},"end":{"line":61,"column":3}},"8":{"start":{"line":60,"column":4},"end":{"line":60,"column":64}},"9":{"start":{"line":60,"column":26},"end":{"line":60,"column":63}},"10":{"start":{"line":62,"column":2},"end":{"line":62,"column":40}},"11":{"start":{"line":65,"column":24},"end":{"line":65,"column":46}},"12":{"start":{"line":70,"column":0},"end":{"line":105,"column":3}},"13":{"start":{"line":71,"column":2},"end":{"line":104,"column":3}},"14":{"start":{"line":72,"column":15},"end":{"line":72,"column":32}},"15":{"start":{"line":73,"column":4},"end":{"line":76,"column":61}},"16":{"start":{"line":74,"column":6},"end":{"line":76,"column":61}},"17":{"start":{"line":78,"column":27},"end":{"line":78,"column":62}},"18":{"start":{"line":79,"column":27},"end":{"line":79,"column":29}},"19":{"start":{"line":80,"column":4},"end":{"line":85,"column":7}},"20":{"start":{"line":81,"column":19},"end":{"line":81,"column":29}},"21":{"start":{"line":82,"column":6},"end":{"line":84,"column":7}},"22":{"start":{"line":83,"column":8},"end":{"line":83,"column":47}},"23":{"start":{"line":87,"column":21},"end":{"line":87,"column":45}},"24":{"start":{"line":88,"column":23},"end":{"line":88,"column":24}},"25":{"start":{"line":90,"column":4},"end":{"line":96,"column":5}},"26":{"start":{"line":91,"column":6},"end":{"line":95,"column":7}},"27":{"start":{"line":92,"column":8},"end":{"line":92,"column":58}},"28":{"start":{"line":93,"column":8},"end":{"line":93,"column":29}},"29":{"start":{"line":94,"
[...]
"14":{"start":{"line":37,"column":40},"end":{"line":37,"column":49}},"15":{"start":{"line":39,"column":6},"end":{"line":45,"column":7}},"16":{"start":{"line":44,"column":8},"end":{"line":44,"column":17}},"17":{"start":{"line":47,"column":27},"end":{"line":47,"column":61}},"18":{"start":{"line":48,"column":6},"end":{"line":53,"column":7}},"19":{"start":{"line":49,"column":8},"end":{"line":50,"column":19}},"20":{"start":{"line":50,"column":10},"end":{"line":50,"column":19}},"21":{"start":{"line":51,"column":8},"end":{"line":52,"column":19}},"22":{"start":{"line":52,"column":10},"end":{"line":52,"column":19}},"23":{"start":{"line":55,"column":6},"end":{"line":73,"column":9}},"24":{"start":{"line":76,"column":4},"end":{"line":78,"column":5}},"25":{"start":{"line":77,"column":6},"end":{"line":77,"column":51}},"26":{"start":{"line":80,"column":4},"end":{"line":80,"column":32}},"27":{"start":{"line":83,"column":4},"end":{"line":83,"column":58}},"28":{"start":{"line":84,"column":4},"end":{"line":84,"column":13}},"29":{"start":{"line":92,"column":12},"end":{"line":92,"column":18}},"30":{"start":{"line":93,"column":13},"end":{"line":93,"column":35}},"31":{"start":{"line":94,"column":13},"end":{"line":94,"column":35}},"32":{"start":{"line":95,"column":13},"end":{"line":95,"column":44}},"33":{"start":{"line":96,"column":13},"end":{"line":96,"column":44}},"34":{"start":{"line":98,"column":4},"end":{"line":99,"column":69}},"35":{"start":{"line":100,"column":12},"end":{"line":100,"column":58}},"36":{"start":{"line":101,"column":2},"end":{"line":101,"column":15}},"37":{"start":{"line":108,"column":2},"end":{"line":180,"column":3}},"38":{"start":{"line":109,"column":18},"end":{"line":109,"column":28}},"39":{"start":{"line":110,"column":29},"end":{"line":110,"column":39}},"40":{"start":{"line":111,"column":4},"end":{"line":111,"column":50}},"41":{"start":{"line":113,"column":29},"end":{"line":115,"column":6}},"42":{"start":{"line":117,"column":29},"end":{"line":117,"column":30}},"43":{"start":{"line":119,"column":4},"end":{"line":174,"column":5}},"44":{"start":{"line":120,"column":28},"end":{"line":120,"column":62}},"45":{"start":{"line":122,"column":6},"end":{"line":173,"column":7}},"46":{"start":{"line":123,"column":25},"end":{"line":123,"column":39}},"47":{"start":{"line":124,"column":22},"end":{"line":124,"column":54}},"48":{"start":{"line":126,"column":8},"end":{"line":126,"column":72}},"49":{"start":{"line":126,"column":63},"end":{"line":126,"column":72}},"50":{"start":{"line":127,"column":8},"end":{"line":128,"column":19}},"51":{"start":{"line":128,"column":10},"end":{"line":128,"column":19}},"52":{"start":{"line":130,"column":8},"end":{"line":136,"column":9}},"53":{"start":{"line":135,"column":10},"end":{"line":135,"column":19}},"54":{"start":{"line":138,"column":25},"end":{"line":143,"column":9}},"55":{"start":{"line":145,"column":8},"end":{"line":145,"column":51}},"56":{"start":{"line":145,"column":42},"end":{"line":145,"column":51}},"57":{"start":{"line":147,"column":37},"end":{"line":152,"column":10}},"58":{"start":{"line":154,"column":8},"end":{"line":154,"column":43}},"59":{"start":{"line":154,"column":34},"end":{"line":154,"column":43}},"60":{"start":{"line":156,"column":8},"end":{"line":170,"column":11}},"61":{"start":{"line":172,"column":8},"end":{"line":172,"column":29}},"62":{"start":{"line":176,"column":4},"end":{"line":176,"column":30}},"63":{"start":{"line":178,"column":4},"end":{"line":178,"column":67}},"64":{"start":{"line":179,"column":4},"end":{"line":179,"column":13}}},"fnMap":{"0":{"name":"createNotificationsForNewProduct","decl":{"start":{"line":9,"column":22},"end":{"line":9,"column":54}},"loc":{"start":{"line":9,"column":64},"end":{"line":86,"column":1}},"line":9},"1":{"name":"calculateDistance","decl":{"start":{"line":91,"column":9},"end":{"line":91,"column":26}},"loc":{"start":{"line":91,"column":51},"end":{"line":102,"column":1}},"line":91},"2":{"name":"createExpiringProductNotifications","decl":{"start":{"line":107,"column":22},"end":{"line":107,"column":56}},"loc":{"start":{"line":107,"column":59},"end":{"line":181,"column":1}},"line":107}},"branchMap":{"0":{"loc":{"start":{"line":18,"column":6},"end":{"line":18,"column":69}},"type":"if","locations":[{"start":{"line":18,"column":6},"end":{"line":18,"column":69}},{"start":{},"end":{}}],"line":18},"1":{"loc":{"start":{"line":18,"column":10},"end":{"line":18,"column":58}},"type":"binary-expr","locations":[{"start":{"line":18,"column":10},"end":{"line":18,"column":16}},{"start":{"line":18,"column":20},"end":{"line":18,"column":34}},{"start":{"line":18,"column":38},"end":{"line":18,"column":58}}],"line":18},"2":{"loc":{"start":{"line":19,"column":6},"end":{"line":20,"column":17}},"type":"if","locations":[{"start":{"line":19,"column":6},"end":{"line":20,"column":17}},{"start":{},"end":{}}],"line":19},"3":{"loc":{"start":{"line":19,"column":10},"end":{"line":19,"column":71}},"type":"binary-expr","locations":[{"start":{"line":19,"column":10},"end":{"line":19,"column":25}},{"start":{"line":19,"column":29},"end":{"line":19,"column":48}},{"start":{"line":19,"column":52},"end":{"line":19,"column":71}}],"line":19},"4":{"loc":{"start":{"line":22,"column":6},"end":{"line":28,"column":7}},"type":"if","locations":[{"start":{"line":22,"column":6},"end":{"line":28,"column":7}},{"start":{},"end":{}}],"line":22},"5":{"loc":{"start":{"line":23,"column":8},"end":{"line":25,"column":47}},"type":"binary-expr","locations":[{"start":{"line":23,"column":8},"end":{"line":23,"column":25}},{"start":{"line":24,"column":8},"end":{"line":24,"column":37}},{"start":{"line":25,"column":8},"end":{"line":25,"column":47}}],"line":23},"6":{"loc":{"start":{"line":37,"column":6},"end":{"line":37,"column":49}},"type":"if","locations":[{"start":{"line":37,"column":6},"end":{"line":37,"column":49}},{"start":{},"end":{}}],"line":37},"7":{"loc":{"start":{"line":39,"column":6},"end":{"line":45,"column":7}},"type":"if","locations":[{"start":{"line":39,"column":6},"end":{"line":45,"column":7}},{"start":{},"end":{}}],"line":39},"8":{"loc":{"start":{"line":40,"column":8},"end":{"line":42,"column":52}},"type":"binary-expr","locations":[{"start":{"line":40,"column":8},"end":{"line":40,"column":24}},{"start":{"line":41,"column":8},"end":{"line":41,"column":35}},{"start":{"line":42,"column":8},"end":{"line":42,"column":52}}],"line":40},"9":{"loc":{"start":{"line":47,"column":27},"end":{"line":47,"column":61}},"type":"binary-expr","locations":[{"start":{"line":47,"column":27},"end":{"line":47,"column":44}},{"start":{"line":47,"column":48},"end":{"line":47,"column":61}}],"line":47},"10":{"loc":{"start":{"line":48,"column":6},"end":{"line":53,"column":7}},"type":"if","locations":[{"start":{"line":48,"column":6},"end":{"line":53,"column":7}},{"start":{},"end":{}}],"line":48},"11":{"loc":{"start":{"line":49,"column":8},"end":{"line":50,"column":19}},"type":"if","locations":[{"start":{"line":49,"column":8},"end":{"line":50,"column":19}},{"start":{},"end":{}}],"line":49},"12":{"loc":{"start":{"line":49,"column":12},"end":{"line":49,"column":71}},"type":"binary-expr","locations":[{"start":{"line":49,"column":12},"end":{"line":49,"column":32}},{"start":{"line":49,"column":36},"end":{"line":49,"column":71}}],"line":49},"13":{"loc":{"start":{"line":51,"column":8},"end":{"line":52,"column":19}},"type":"if","locations":[{"start":{"line":51,"column":8},"end":{"line":52,"column":19}},{"start":{},"end":{}}],"line":51},"14":{"loc":{"start":{"line":51,"column":12},"end":{"line":51,"column":71}},"type":"binary-expr","locations":[{"start":{"line":51,"column":12},"end":{"line":51,"column":32}},{"start":{"line":51,"column":36},"end":{"line":51,"column":71}}],"line":51},"15":{"loc":{"start":{"line":57,"column":14},"end":{"line":57,"column":59}},"type":"cond-expr","locations":[{"start":{"line":57,"column":34},"end":{"line":57,"column":44}},{"start":{"line":57,"column":47},"end":{"line":57,"column":59}}],"line":57},"16":{"loc":{"start":{"line":58,"column":15},"end":{"line":60,"column":33}},"type":"cond-expr","locations":[{"start":{"line":59,"column":12},"end":{"line":59,"column":33}},{"start":{"line":60,"column":12},"end":{"line":60,"column":33}}],"line":58},"17":{"loc":{"start":{"line":76,"column":4},"end":{"line":78,"column":5}},"type":"if","locations":[{"start":{"line":76,"column":4},"end":{"line":78,"column":5}},{"start":{},"end":{}}],"line":76},"18":{"loc":{"start":{"line":126,"column":8},"end":{"line":126,"column":72}},"type":"if","locations":[{"start":{"line":126,"column":8},"end":{"line":126,"column":72}},{"start":{},"end":{}}],"line":126},"19":{"loc":{"start":{"line":126,"column":12},"end":{"line":126,"column":61}},"type":"binary-expr","locations":[{"start":{"line":126,"column":12},"end":{"line":126,"column":18}},{"start":{"line":126,"column":22},"end":{"line":126,"column":36}},{"start":{"line":126,"column":40},"end":{"line":126,"column":61}}],"line":126},"20":{"loc":{"start":{"line":127,"column":8},"end":{"line":128,"column":19}},"type":"if","locations":[{"start":{"line":127,"column":8},"end":{"line":128,"column":19}},{"start":{},"end":{}}],"line":127},"21":{"loc":{"start":{"line":127,"column":12},"end":{"line":127,"column":73}},"type":"binary-expr","locations":[{"start":{"line":127,"column":12},"end":{"line":127,"column":27}},{"start":{"line":127,"column":31},"end":{"line":127,"column":50}},{"start":{"line":127,"column":54},"end":{"line":127,"column":73}}],"line":127},"22":{"loc":{"start":{"line":130,"column":8},"end":{"line":136,"column":9}},"type":"if","locations":[{"start":{"line":130,"column":8},"end":{"line":136,"column":9}},{"start":{},"end":{}}],"line":130},"23":{"loc":{"start":{"line":131,"column":10},"end":{"line":133,"column":49}},"type":"binary-expr","locations":[{"start":{"line":131,"column":10},"end":{"line":131,"column":27}},{"start":{"line":132,"column":10},"end":{"line":132,"column":39}},{"start":{"line":133,"column":10},"end":{"line":133,"column":49}}],"line":131},"24":{"loc":{"start":{"line":145,"column":8},"end":{"line":145,"column":51}},"type":"if","locations":[{"start":{"line":145,"column":8},"end":{"line":145,"column":51}},{"start":{},"end":{}}],"line":145},"25":{"loc":{"start":{"line":154,"column":8},"end":{"line":154,"column":43}},"type":"if","locations":[{"start":{"line":154,"column":8},"end":{"line":154,"column":43}},{"start":{},"end":{}}],"line":154},"26":{"loc":{"start":{"line":164,"column":19},"end":{"line":164,"column":59}},"type":"binary-expr","locations":[{"start":{"line":164,"column":19},"end":{"line":164,"column":42}},{"start":{"line":164,"column":46},"end":{"line":164,"column":59}}],"line":164}},"s":{"0":0,"1":0,"2":0,"3":0,"4":0,"5":0,"6":0,"7":0,"8":0,"9":0,"10":0,"11":0,"12":0,"13":0,"14":0,"15":0,"16":0,"17":0,"18":0,"19":0,"20":0,"21":0,"22":0,"23":0,"24":0,"25":0,"26":0,"27":0,"28":0,"29":0,"30":0,"31":0,"32":0,"33":0,"34":0,"35":0,"36":0,"37":1,"38":1,"39":1,"40":1,"41":1,"42":0,"43":0,"44":0,"45":0,"46":0,"47":0,"48":0,"49":0,"50":0,"51":0,"52":0,"53":0,"54":0,"55":0,"56":0,"57":0,"58":0,"59":0,"60":0,"61":0,"62":0,"63":1,"64":1},"f":{"0":0,"1":0,"2":1},"b":{"0":[0,0],"1":[0,0,0],"2":[0,0],"3":[0,0,0],"4":[0,0],"5":[0,0,0],"6":[0,0],"7":[0,0],"8":[0,0,0],"9":[0,0],"10":[0,0],"11":[0,0],"12":[0,0],"13":[0,0],"14":[0,0],"15":[0,0],"16":[0,0],"17":[0,0],"18":[0,0],"19":[0,0,0],"20":[0,0],"21":[0,0,0],"22":[0,0],"23":[0,0,0],"24":[0,0],"25":[0,0],"26":[0,0]},"_coverageSchema":"1a1c01bbd47fc00a2c39e90264f33305004495a9","hash":"e7f0f42dea18b0b6a2ea581ec6b381d5fa2cabd7"}
,"C:\\Users\\אביבה בובה ברוריאן\\fresh end\\backend\\utils\\paymentSplit.js": {"path":"C:\\Users\\אביבה בובה ברוריאן\\fresh end\\backend\\utils\\paymentSplit.js","statementMap":{"0":{"start":{"line":25,"column":2},"end":{"line":27,"column":3}},"1":{"start":{"line":26,"column":4},"end":{"line":26,"column":61}},"2":{"start":{"line":29,"column":2},"end":{"line":31,"column":3}},"3":{"start":{"line":30,"column":4},"end":{"line":30,"column":63}},"4":{"start":{"line":33,"column":2},"end":{"line":35,"column":3}},"5":{"start":{"line":34,"column":4},"end":{"line":34,"column":55}},"6":{"start":{"line":37,"column":2},"end":{"line":39,"column":3}},"7":{"start":{"line":38,"column":4},"end":{"line":38,"column":53}},"8":{"start":{"line":42,"column":22},"end":{"line":44,"column":3}},"9":{"start":{"line":47,"column":22},"end":{"line":47,"column":74}},"10":{"start":{"line":50,"column":24},"end":{"line":50,"column":72}},"11":{"start":{"line":53,"column":21},"end":{"line":55,"column":3}},"12":{"start":{"line":58,"column":14},"end":{"line":60,"column":3}},"13":{"start":{"line":61,"column":2},"end":{"line":65,"column":3}},"14":{"start":{"line":62,"column":4},"end":{"line":64,"column":6}},"15":{"start":{"line":67,"column":2},"end":{"line":72,"column":4}},"16":{"start":{"line":103,"column":16},"end":{"line":108,"column":3}},"17":{"start":{"line":110,"column":28},"end":{"line":110,"column":66}},"18":{"start":{"line":112,"column":2},"end":{"line":127,"column":4}},"19":{"start":{"line":137,"column":24},"end":{"line":137,"column":45}},"20":{"start":{"line":138,"column":22},"end":{"line":138,"column":47}},"21":{"start":{"line":139,"column":20},"end":{"line":139,"column":41}},"22":{"start":{"line":141,"column":2},"end":{"line":146,"column":4}}},"fnMap":{"0":{"name":"calculatePaymentSplit","decl":{"start":{"line":18,"column":16},"end":{"line":18,"column":37}},"loc":{"start":{"line":23,"column":2},"end":{"line":73,"column":1}},"line":23},"1":{"name":"getPaymentBreakdown","decl":{"start":{"line":96,"column":16},"end":{"line":96,"column":35}},"loc":{"start":{"line":101,"column":2},"end":{"line":128,"column":1}},"line":101},"2":{"name":"getOrderPaymentBreakdown","decl":{"start":{"line":136,"column":16},"end":{"line":136,"column":40}},"loc":{"start":{"line":136,"column":71},"end":{"line":147,"column":1}},"line":136}},"branchMap":{"0":{"loc":{"start":{"line":20,"column":2},"end":{"line":20,"column":17}},"type":"default-arg","locations":[{"start":{"line":20,"column":16},"end":{"line":20,"column":17}}],"line":20},"1":{"loc":{"start":{"line":21,"column":2},"end":{"line":21,"column":15}},"type":"default-arg","locations":[{"start":{"line":21,"column":14},"end":{"line":21,"column":15}}],"line":21},"2":{"loc":{"start":{"line":22,"column":2},"end":{"line":22,"column":28}},"type":"default-arg","locations":[{"start":{"line":22,"column":24},"end":{"line":22,"column":28}}],"line":22},"3":{"loc":{"start":{"line":25,"column":2},"end":{"line":27,"column":3}},"type":"if","locations":[{"start":{"line":25,"column":2},"end":{"line":27,"column":3}},{"start":{},"end":{}}],"line":25},"4":{"loc":{"start":{"line":29,"column":2},"end":{"line":31,"column":3}},"type":"if","locations":[{"start":{"line":29,"column":2},"end":{"line":31,"column":3}},{"start":{},"end":{}}],"line":29},"5":{"loc":{"start":{"line":29,"column":6},"end":{"line":29,"column":56}},"type":"binary-expr","locations":[{"start":{"line":29,"column":6},"end":{"line":29,"column":29}},{"start":{"line":29,"column":33},"end":{"line":29,"column":56}}],"line":29},"6":{"loc":{"start":{"line":33,"column":2},"end":{"line":35,"column":3}},"type":"if","locations":[{"start":{"line":33,"column":2},"end":{"line":35,"column":3}},{"start":{},"end":{}}],"line":33},"7":{"loc":{"start":{"line":37,"column":2},"end":{"line":39,"column":3}},"type":"if","locations":[{"start":{"line":37,"column":2},"end":{"line":39,"column":3}},{"start":{},"end":{}}],"line":37},"8":{"loc":{"start":{"line":61,"column":2},"end":{"line":65,"column":3}},"type":"if","locations":[{"start":{"line":61,"column":2},"end":{"line":65,"column":3}},{"start":{},"end":{}}],"line":61},"9":{"loc":{"start":{"line":98,"column":2},"end":{"line":98,"column":17}},"type":"default-arg","locations":[{"start":{"line":98,"column":16},"end":{"line":98,"column":17}}],"line":98},"10":{"loc":{"start":{"line":99,"column":2},"end":{"line":99,"column":15}},"type":"default-arg","locations":[{"start":{"line":99,"column":14},"end":{"line":99,"column":15}}],"line":99},"11":{"loc":{"start":{"line":100,"column":2},"end":{"line":100,"column":28}},"type":"default-arg","locations":[{"start":{"line":100,"column":24},"end":{"line":100,"column":28}}],"line":100},"12":{"loc":{"start":{"line":136,"column":48},"end":{"line":136,"column":69}},"type":"default-arg","locations":[{"start":{"line":136,"column":65},"end":{"line":136,"column":69}}],"line":136},"13":{"loc":{"start":{"line":137,"column":24},"end":{"line":137,"column":45}},"type":"binary-expr","locations":[{"start":{"line":137,"column":24},"end":{"line":137,"column":40}},{"start":{"line":137,"column":44},"end":{"line":137,"column":45}}],"line":137},"14":{"loc":{"start":{"line":138,"column":22},"end":{"line":138,"column":47}},"type":"binary-expr","locations":[{"start":{"line":138,"column":22},"end":{"line":138,"column":42}},{"start":{"line":138,"column":46},"end":{"line":138,"column":47}}],"line":138},"15":{"loc":{"start":{"line":139,"column":20},"end":{"line":139,"column":41}},"type":"binary-expr","locations":[{"start":{"line":139,"column":20},"end":{"line":139,"column":36}},{"start":{"line":139,"column":40},"end":{"line":139,"column":41}}],"line":139}},"s":{"0":9,"1":2,"2":7,"3":1,"4":6,"5":1,"6":5,"7":0,"8":5,"9":5,"10":5,"11":5,"12":5,"13":5,"14":0,"15":5,"16":1,"17":1,"18":1,"19":0,"20":0,"21":0,"22":0},"f":{"0":9,"1":1,"2":0},"b":{"0":[0],"1":[0],"2":[0],"3":[2,7],"4":[1,6],"5":[7,7],"6":[1,5],"7":[0,5],"8":[0,5],"9":[0],"10":[0],"11":[0],"12":[0],"13":[0,0],"14":[0,0],"15":[0,0]},"_coverageSchema":"1a1c01bbd47fc00a2c39e90264f33305004495a9","hash":"61b9bfea633662b7911a721396acb5505d5fc617"}
,"C:\\Users\\אביבה בובה ברוריאן\\fresh end\\backend\\utils\\paypalClient.js": {"path":"C:\\Users\\אביבה בובה ברוריאן\\fresh end\\backend\\utils\\paypalClient.js","statementMap":{"0":{"start":{"line":3,"column":63},"end":{"line":3,"column":74}},"1":{"start":{"line":6,"column":19},"end":{"line":6,"column":41}},"2":{"start":{"line":7,"column":23},"end":{"line":7,"column":49}},"3":{"start":{"line":8,"column":20},"end":{"line":8,"column":70}},"4":{"start":{"line":9,"column":2},"end":{"line":11,"column":64}},"5":{"start":{"line":15,"column":2},"end":{"line":15,"column":59}},"6":{"start":{"line":19,"column":2},"end":{"line":19,"column":15}}},"fnMap":{"0":{"name":"environment","decl":{"start":{"line":5,"column":9},"end":{"line":5,"column":20}},"loc":{"start":{"line":5,"column":23},"end":{"line":12,"column":1}},"line":5},"1":{"name":"getPaypalClient","decl":{"start":{"line":14,"column":16},"end":{"line":14,"column":31}},"loc":{"start":{"line":14,"column":34},"end":{"line":16,"column":1}},"line":14},"2":{"name":"getCurrency","decl":{"start":{"line":18,"column":16},"end":{"line":18,"column":27}},"loc":{"start":{"line":18,"column":30},"end":{"line":20,"column":1}},"line":18}},"branchMap":{"0":{"loc":{"start":{"line":6,"column":19},"end":{"line":6,"column":41}},"type":"binary-expr","locations":[{"start":{"line":6,"column":19},"end":{"line":6,"column":35}},{"start":{"line":6,"column":39},"end":{"line":6,"column":41}}],"line":6},"1":{"loc":{"start":{"line":7,"column":23},"end":{"line":7,"column":49}},"type":"binary-expr","locations":[{"start":{"line":7,"column":23},"end":{"line":7,"column":43}},{"start":{"line":7,"column":47},"end":{"line":7,"column":49}}],"line":7},"2":{"loc":{"start":{"line":8,"column":21},"end":{"line":8,"column":44}},"type":"binary-expr","locations":[{"start":{"line":8,"column":21},"end":{"line":8,"column":31}},{"start":{"line":8,"column":35},"end":{"line":8,"column":44}}],"line":8},"3":{"loc":{"start":{"line":9,"column":9},"end":{"line":11,"column":63}},"type":"cond-expr","locations":[{"start":{"line":10,"column":6},"end":{"line":10,"column":66}},{"start":{"line":11,"column":6},"end":{"line":11,"column":63}}],"line":9}},"s":{"0":5,"1":0,"2":0,"3":0,"4":0,"5":0,"6":0},"f":{"0":0,"1":0,"2":0},"b":{"0":[0,0],"1":[0,0],"2":[0,0],"3":[0,0]},"_coverageSchema":"1a1c01bbd47fc00a2c39e90264f33305004495a9","hash":"5e38c8c802e867fb2806c71d8d1b0f1fb8363b2f"}
}
