TN:
SF:server.js
FN:58,(anonymous_0)
FN:59,(anonymous_1)
FN:60,(anonymous_2)
FN:61,(anonymous_3)
FN:86,(anonymous_4)
FN:89,(anonymous_5)
FN:117,(anonymous_6)
FN:124,removeExpiredProducts
FN:137,(anonymous_8)
FN:147,refundShippingIfNeeded
FN:166,checkExpiredOrders
FNF:11
FNH:4
FNDA:0,(anonymous_0)
FNDA:0,(anonymous_1)
FNDA:0,(anonymous_2)
FNDA:0,(anonymous_3)
FNDA:5,(anonymous_4)
FNDA:0,(anonymous_5)
FNDA:0,(anonymous_6)
FNDA:5,removeExpiredProducts
FNDA:5,(anonymous_8)
FNDA:0,refundShippingIfNeeded
FNDA:5,checkExpiredOrders
DA:36,5
DA:37,5
DA:40,5
DA:53,5
DA:54,5
DA:55,5
DA:58,5
DA:59,0
DA:60,0
DA:61,0
DA:65,5
DA:79,5
DA:80,5
DA:81,5
DA:84,5
DA:91,0
DA:92,0
DA:97,5
DA:98,5
DA:99,5
DA:100,5
DA:101,5
DA:102,5
DA:103,5
DA:104,5
DA:105,5
DA:106,5
DA:107,5
DA:108,5
DA:109,5
DA:110,5
DA:113,5
DA:116,5
DA:117,0
DA:125,5
DA:126,5
DA:127,5
DA:128,5
DA:130,2
DA:131,0
DA:137,5
DA:139,5
DA:141,0
DA:142,0
DA:148,0
DA:149,0
DA:150,0
DA:151,0
DA:152,0
DA:159,0
DA:161,0
DA:162,0
DA:167,5
DA:168,5
DA:169,5
DA:180,3
DA:181,0
DA:182,0
DA:183,0
DA:184,0
DA:185,0
DA:189,0
DA:191,0
DA:192,0
DA:197,2
DA:198,0
DA:203,5
DA:204,5
DA:205,5
DA:206,5
DA:207,5
DA:210,5
DA:211,5
DA:212,5
LF:74
LH:48
BRDA:91,0,0,0
BRDA:91,0,1,0
BRDA:113,1,0,5
BRDA:113,1,1,0
BRDA:116,2,0,0
BRDA:116,2,1,5
BRDA:130,3,0,0
BRDA:130,3,1,2
BRDA:139,4,0,5
BRDA:139,4,1,0
BRDA:148,5,0,0
BRDA:148,5,1,0
BRDA:148,6,0,0
BRDA:148,6,1,0
BRDA:148,6,2,0
BRDA:161,7,0,0
BRDA:161,7,1,0
BRDA:184,8,0,0
BRDA:184,8,1,0
BRDA:184,9,0,0
BRDA:184,9,1,0
BRDA:197,10,0,0
BRDA:197,10,1,2
BRF:23
BRH:5
end_of_record
TN:
SF:config\firebaseAdmin.js
FNF:0
FNH:0
DA:5,6
DA:6,6
DA:8,6
DA:12,6
DA:13,6
LF:5
LH:5
BRF:0
BRH:0
end_of_record
TN:
SF:models\ImportProfile.js
FNF:0
FNH:0
DA:4,5
DA:41,5
LF:2
LH:2
BRDA:43,0,0,5
BRDA:43,0,1,5
BRF:2
BRH:2
end_of_record
TN:
SF:models\Inventory.js
FNF:0
FNH:0
DA:4,6
DA:48,6
DA:50,6
DA:52,6
LF:4
LH:4
BRF:0
BRH:0
end_of_record
TN:
SF:models\Notification.js
FNF:0
FNH:0
DA:4,6
DA:54,6
DA:55,6
DA:57,6
LF:4
LH:4
BRF:0
BRH:0
end_of_record
TN:
SF:models\Order.js
FNF:0
FNH:0
DA:3,5
LF:1
LH:1
BRF:0
BRH:0
end_of_record
TN:
SF:models\Store.js
FNF:0
FNH:0
DA:3,5
LF:1
LH:1
BRF:0
BRH:0
end_of_record
TN:
SF:routes\analytics.js
FN:13,(anonymous_0)
FN:71,(anonymous_1)
FN:121,(anonymous_2)
FN:186,(anonymous_3)
FN:239,(anonymous_4)
FN:259,(anonymous_5)
FN:318,(anonymous_6)
FN:369,(anonymous_7)
FN:390,(anonymous_8)
FNF:9
FNH:0
FNDA:0,(anonymous_0)
FNDA:0,(anonymous_1)
FNDA:0,(anonymous_2)
FNDA:0,(anonymous_3)
FNDA:0,(anonymous_4)
FNDA:0,(anonymous_5)
FNDA:0,(anonymous_6)
FNDA:0,(anonymous_7)
FNDA:0,(anonymous_8)
DA:4,5
DA:13,5
DA:14,0
DA:15,0
DA:18,0
DA:19,0
DA:20,0
DA:21,0
DA:24,0
DA:44,0
DA:50,0
DA:62,0
DA:63,0
DA:71,5
DA:72,0
DA:73,0
DA:75,0
DA:76,0
DA:77,0
DA:78,0
DA:80,0
DA:104,0
DA:112,0
DA:113,0
DA:121,5
DA:122,0
DA:123,0
DA:124,0
DA:126,0
DA:127,0
DA:128,0
DA:129,0
DA:132,0
DA:142,0
DA:143,0
DA:146,0
DA:158,0
DA:164,0
DA:177,0
DA:178,0
DA:186,5
DA:187,0
DA:188,0
DA:189,0
DA:191,0
DA:192,0
DA:193,0
DA:194,0
DA:196,0
DA:198,0
DA:220,0
DA:227,0
DA:239,0
DA:250,0
DA:251,0
DA:259,5
DA:260,0
DA:261,0
DA:262,0
DA:264,0
DA:265,0
DA:266,0
DA:267,0
DA:269,0
DA:290,0
DA:296,0
DA:309,0
DA:310,0
DA:318,5
DA:319,0
DA:320,0
DA:321,0
DA:323,0
DA:324,0
DA:325,0
DA:326,0
DA:328,0
DA:330,0
DA:351,0
DA:357,0
DA:369,0
DA:380,0
DA:381,0
DA:390,5
DA:391,0
DA:392,0
DA:393,0
DA:396,0
DA:397,0
DA:402,0
DA:403,0
DA:409,0
DA:424,0
DA:425,0
DA:426,0
DA:434,0
DA:440,0
DA:451,0
DA:452,0
LF:99
LH:8
BRDA:20,0,0,0
BRDA:20,0,1,0
BRDA:21,1,0,0
BRDA:21,1,1,0
BRDA:44,2,0,0
BRDA:44,2,1,0
BRDA:77,3,0,0
BRDA:77,3,1,0
BRDA:78,4,0,0
BRDA:78,4,1,0
BRDA:128,5,0,0
BRDA:128,5,1,0
BRDA:129,6,0,0
BRDA:129,6,1,0
BRDA:142,7,0,0
BRDA:142,7,1,0
BRDA:142,8,0,0
BRDA:142,8,1,0
BRDA:158,9,0,0
BRDA:158,9,1,0
BRDA:189,10,0,0
BRDA:189,11,0,0
BRDA:193,12,0,0
BRDA:193,12,1,0
BRDA:194,13,0,0
BRDA:194,13,1,0
BRDA:246,14,0,0
BRDA:246,14,1,0
BRDA:266,15,0,0
BRDA:266,15,1,0
BRDA:267,16,0,0
BRDA:267,16,1,0
BRDA:290,17,0,0
BRDA:290,17,1,0
BRDA:321,18,0,0
BRDA:321,19,0,0
BRDA:325,20,0,0
BRDA:325,20,1,0
BRDA:326,21,0,0
BRDA:326,21,1,0
BRDA:376,22,0,0
BRDA:376,22,1,0
BRDA:396,23,0,0
BRDA:396,23,1,0
BRDA:396,24,0,0
BRDA:396,24,1,0
BRDA:402,25,0,0
BRDA:402,25,1,0
BRDA:402,26,0,0
BRDA:402,26,1,0
BRDA:424,27,0,0
BRDA:424,27,1,0
BRDA:425,28,0,0
BRDA:425,28,1,0
BRF:54
BRH:0
end_of_record
TN:
SF:routes\email.js
FN:7,(anonymous_0)
FN:27,(anonymous_1)
FN:56,(anonymous_2)
FNF:3
FNH:0
FNDA:0,(anonymous_0)
FNDA:0,(anonymous_1)
FNDA:0,(anonymous_2)
DA:4,5
DA:7,5
DA:8,0
DA:9,0
DA:11,0
DA:14,0
DA:15,0
DA:16,0
DA:18,0
DA:19,0
DA:20,0
DA:26,0
DA:27,0
DA:31,0
DA:39,0
DA:41,0
DA:45,0
DA:46,0
DA:48,0
DA:49,0
DA:56,5
DA:57,0
DA:58,0
DA:60,0
DA:63,0
DA:64,0
DA:65,0
DA:67,0
DA:68,0
DA:69,0
DA:75,0
DA:86,0
DA:88,0
DA:92,0
DA:93,0
DA:95,0
DA:96,0
LF:37
LH:3
BRDA:11,0,0,0
BRDA:11,0,1,0
BRDA:18,1,0,0
BRDA:18,1,1,0
BRDA:18,2,0,0
BRDA:18,2,1,0
BRDA:18,2,2,0
BRDA:26,3,0,0
BRDA:26,3,1,0
BRDA:33,4,0,0
BRDA:33,4,1,0
BRDA:35,5,0,0
BRDA:35,5,1,0
BRDA:60,6,0,0
BRDA:60,6,1,0
BRDA:67,7,0,0
BRDA:67,7,1,0
BRDA:67,8,0,0
BRDA:67,8,1,0
BRDA:67,8,2,0
BRDA:77,9,0,0
BRDA:77,9,1,0
BRDA:82,10,0,0
BRDA:82,10,1,0
BRF:24
BRH:0
end_of_record
TN:
SF:routes\geocode.js
FN:15,getCache
FN:21,setCache
FN:27,(anonymous_2)
FN:60,(anonymous_3)
FN:70,(anonymous_4)
FN:109,tryOne
FN:135,(anonymous_6)
FN:139,(anonymous_7)
FN:140,(anonymous_8)
FN:141,(anonymous_9)
FN:148,(anonymous_10)
FN:173,(anonymous_11)
FN:180,parseParts
FN:183,(anonymous_13)
FN:193,normalizeCity
FN:200,searchStructured
FN:220,searchFree
FN:269,(anonymous_17)
FN:274,(anonymous_18)
FNF:19
FNH:0
FNDA:0,getCache
FNDA:0,setCache
FNDA:0,(anonymous_2)
FNDA:0,(anonymous_3)
FNDA:0,(anonymous_4)
FNDA:0,tryOne
FNDA:0,(anonymous_6)
FNDA:0,(anonymous_7)
FNDA:0,(anonymous_8)
FNDA:0,(anonymous_9)
FNDA:0,(anonymous_10)
FNDA:0,(anonymous_11)
FNDA:0,parseParts
FNDA:0,(anonymous_13)
FNDA:0,normalizeCity
FNDA:0,searchStructured
FNDA:0,searchFree
FNDA:0,(anonymous_17)
FNDA:0,(anonymous_18)
DA:6,5
DA:7,5
DA:9,5
DA:12,5
DA:13,5
DA:16,0
DA:17,0
DA:18,0
DA:19,0
DA:22,0
DA:27,5
DA:28,0
DA:29,0
DA:31,0
DA:32,0
DA:36,0
DA:40,0
DA:47,0
DA:48,0
DA:51,0
DA:52,0
DA:54,0
DA:55,0
DA:60,5
DA:61,0
DA:62,0
DA:64,0
DA:65,0
DA:66,0
DA:67,0
DA:68,0
DA:69,0
DA:70,0
DA:73,0
DA:75,0
DA:78,0
DA:81,0
DA:82,0
DA:83,0
DA:85,0
DA:86,0
DA:87,0
DA:90,0
DA:91,0
DA:92,0
DA:93,0
DA:94,0
DA:97,0
DA:104,0
DA:110,0
DA:115,0
DA:116,0
DA:117,0
DA:120,0
DA:121,0
DA:122,0
DA:123,0
DA:124,0
DA:126,0
DA:129,0
DA:130,0
DA:134,0
DA:135,0
DA:138,0
DA:139,0
DA:140,0
DA:141,0
DA:143,0
DA:145,0
DA:146,0
DA:147,0
DA:148,0
DA:150,0
DA:151,0
DA:156,5
DA:157,5
DA:159,5
DA:160,5
DA:161,5
DA:162,5
DA:163,5
DA:166,0
DA:169,0
DA:173,5
DA:174,0
DA:175,0
DA:176,0
DA:177,0
DA:181,0
DA:183,0
DA:185,0
DA:186,0
DA:187,0
DA:188,0
DA:189,0
DA:190,0
DA:194,0
DA:201,0
DA:211,0
DA:212,0
DA:215,0
DA:216,0
DA:217,0
DA:221,0
DA:229,0
DA:230,0
DA:233,0
DA:234,0
DA:235,0
DA:238,0
DA:239,0
DA:240,0
DA:242,0
DA:243,0
DA:244,0
DA:245,0
DA:248,0
DA:250,0
DA:251,0
DA:257,0
DA:264,0
DA:269,5
DA:270,0
DA:274,5
DA:275,0
DA:277,0
DA:278,0
DA:281,0
DA:282,0
DA:286,0
DA:293,0
DA:294,0
DA:297,0
DA:299,0
DA:300,0
DA:303,0
DA:304,0
DA:316,0
DA:317,0
LF:139
LH:17
BRDA:17,0,0,0
BRDA:17,0,1,0
BRDA:17,1,0,0
BRDA:17,1,1,0
BRDA:31,2,0,0
BRDA:31,2,1,0
BRDA:47,3,0,0
BRDA:47,3,1,0
BRDA:61,4,0,0
BRDA:62,5,0,0
BRDA:62,5,1,0
BRDA:66,6,0,0
BRDA:66,6,1,0
BRDA:68,7,0,0
BRDA:68,7,1,0
BRDA:81,8,0,0
BRDA:81,8,1,0
BRDA:86,9,0,0
BRDA:86,9,1,0
BRDA:86,10,0,0
BRDA:86,10,1,0
BRDA:115,11,0,0
BRDA:115,11,1,0
BRDA:129,12,0,0
BRDA:129,12,1,0
BRDA:134,13,0,0
BRDA:134,13,1,0
BRDA:135,14,0,0
BRDA:135,14,1,0
BRDA:146,15,0,0
BRDA:146,15,1,0
BRDA:162,16,0,5
BRDA:162,16,1,0
BRDA:175,17,0,0
BRDA:175,17,1,0
BRDA:176,18,0,0
BRDA:176,18,1,0
BRDA:185,19,0,0
BRDA:185,19,1,0
BRDA:186,20,0,0
BRDA:186,20,1,0
BRDA:186,20,2,0
BRDA:188,21,0,0
BRDA:188,21,1,0
BRDA:189,22,0,0
BRDA:189,22,1,0
BRDA:194,23,0,0
BRDA:194,23,1,0
BRDA:207,24,0,0
BRDA:207,24,1,0
BRDA:215,25,0,0
BRDA:215,25,1,0
BRDA:217,26,0,0
BRDA:217,26,1,0
BRDA:217,27,0,0
BRDA:217,27,1,0
BRDA:233,28,0,0
BRDA:233,28,1,0
BRDA:235,29,0,0
BRDA:235,29,1,0
BRDA:235,30,0,0
BRDA:235,30,1,0
BRDA:243,31,0,0
BRDA:243,31,1,0
BRDA:244,32,0,0
BRDA:244,32,1,0
BRDA:248,33,0,0
BRDA:248,33,1,0
BRDA:250,34,0,0
BRDA:250,34,1,0
BRDA:277,35,0,0
BRDA:277,35,1,0
BRDA:277,36,0,0
BRDA:277,36,1,0
BRDA:293,37,0,0
BRDA:293,37,1,0
BRDA:299,38,0,0
BRDA:299,38,1,0
BRDA:299,39,0,0
BRDA:299,39,1,0
BRDA:309,40,0,0
BRDA:309,40,1,0
BRDA:309,40,2,0
BRDA:309,40,3,0
BRF:84
BRH:1
end_of_record
TN:
SF:routes\images.js
FN:8,(anonymous_0)
FN:28,(anonymous_1)
FN:98,(anonymous_2)
FN:109,(anonymous_3)
FN:129,(anonymous_4)
FNF:5
FNH:0
FNDA:0,(anonymous_0)
FNDA:0,(anonymous_1)
FNDA:0,(anonymous_2)
FNDA:0,(anonymous_3)
FNDA:0,(anonymous_4)
DA:5,5
DA:8,5
DA:9,0
DA:10,0
DA:11,0
DA:12,0
DA:16,0
DA:17,0
DA:18,0
DA:20,0
DA:28,5
DA:29,0
DA:30,0
DA:32,0
DA:42,0
DA:43,0
DA:44,0
DA:45,0
DA:46,0
DA:47,0
DA:48,0
DA:50,0
DA:51,0
DA:52,0
DA:53,0
DA:54,0
DA:59,0
DA:67,0
DA:76,0
DA:87,0
DA:89,0
DA:90,0
DA:98,5
DA:99,0
DA:100,0
DA:101,0
DA:102,0
DA:105,0
DA:106,0
DA:107,0
DA:109,0
DA:117,0
DA:120,0
DA:121,0
DA:129,5
DA:130,0
DA:131,0
DA:133,0
DA:134,0
DA:138,0
DA:140,0
DA:141,0
DA:147,0
DA:154,0
DA:155,0
LF:55
LH:5
BRDA:9,0,0,0
BRDA:9,0,1,0
BRDA:10,1,0,0
BRDA:10,1,1,0
BRDA:11,2,0,0
BRDA:11,2,1,0
BRDA:11,3,0,0
BRDA:11,3,1,0
BRDA:29,4,0,0
BRDA:29,4,1,0
BRDA:46,5,0,0
BRDA:46,5,1,0
BRDA:47,6,0,0
BRDA:47,6,1,0
BRDA:48,7,0,0
BRDA:48,7,1,0
BRDA:48,8,0,0
BRDA:48,8,1,0
BRDA:52,9,0,0
BRDA:52,9,1,0
BRDA:52,10,0,0
BRDA:52,10,1,0
BRDA:53,11,0,0
BRDA:53,11,1,0
BRDA:101,12,0,0
BRDA:101,12,1,0
BRDA:106,13,0,0
BRDA:106,13,1,0
BRDA:106,14,0,0
BRDA:106,14,1,0
BRDA:133,15,0,0
BRDA:133,15,1,0
BRDA:140,16,0,0
BRDA:140,16,1,0
BRF:34
BRH:0
end_of_record
TN:
SF:routes\importProfiles.js
FN:11,(anonymous_0)
FN:55,(anonymous_1)
FN:97,(anonymous_2)
FNF:3
FNH:0
FNDA:0,(anonymous_0)
FNDA:0,(anonymous_1)
FNDA:0,(anonymous_2)
DA:6,5
DA:8,5
DA:11,5
DA:12,0
DA:13,0
DA:14,0
DA:16,0
DA:18,0
DA:47,0
DA:49,0
DA:50,0
DA:55,5
DA:56,0
DA:57,0
DA:58,0
DA:60,0
DA:69,0
DA:82,0
DA:88,0
DA:89,0
DA:91,0
DA:92,0
DA:97,5
DA:98,0
DA:99,0
DA:100,0
DA:102,0
DA:108,0
DA:110,0
DA:111,0
LF:30
LH:5
BRDA:13,0,0,0
BRDA:13,0,1,0
BRDA:16,1,0,0
BRDA:16,1,1,0
BRDA:57,2,0,0
BRDA:57,2,1,0
BRDA:73,3,0,0
BRDA:73,3,1,0
BRDA:76,4,0,0
BRDA:76,4,1,0
BRDA:77,5,0,0
BRDA:77,5,1,0
BRDA:78,6,0,0
BRDA:78,6,1,0
BRDA:99,7,0,0
BRDA:99,7,1,0
BRF:16
BRH:0
end_of_record
TN:
SF:routes\inventory.js
FN:56,(anonymous_0)
FN:58,(anonymous_1)
FN:59,(anonymous_2)
FN:60,(anonymous_3)
FN:70,(anonymous_4)
FN:80,(anonymous_5)
FN:108,(anonymous_6)
FN:143,(anonymous_7)
FN:155,(anonymous_8)
FN:224,(anonymous_9)
FN:236,(anonymous_10)
FNF:11
FNH:5
FNDA:0,(anonymous_0)
FNDA:0,(anonymous_1)
FNDA:0,(anonymous_2)
FNDA:0,(anonymous_3)
FNDA:0,(anonymous_4)
FNDA:0,(anonymous_5)
FNDA:1,(anonymous_6)
FNDA:101,(anonymous_7)
FNDA:4,(anonymous_8)
FNDA:2,(anonymous_9)
FNDA:4,(anonymous_10)
DA:16,5
DA:17,5
DA:20,5
DA:56,5
DA:57,0
DA:58,0
DA:59,0
DA:60,0
DA:62,0
DA:65,5
DA:70,5
DA:71,0
DA:72,0
DA:73,0
DA:74,0
DA:78,0
DA:79,0
DA:80,0
DA:81,0
DA:82,0
DA:83,0
DA:87,0
DA:88,0
DA:90,0
DA:91,0
DA:92,0
DA:93,0
DA:94,0
DA:98,0
DA:103,0
DA:108,5
DA:109,1
DA:118,1
DA:120,1
DA:121,1
DA:122,1
DA:123,1
DA:124,0
DA:130,1
DA:131,0
DA:132,0
DA:133,0
DA:136,1
DA:142,1
DA:143,101
DA:150,0
DA:155,5
DA:156,4
DA:157,4
DA:169,4
DA:172,4
DA:175,1
DA:176,1
DA:180,0
DA:181,0
DA:182,0
DA:183,0
DA:184,0
DA:185,0
DA:187,0
DA:191,0
DA:192,0
DA:194,0
DA:195,0
DA:196,0
DA:197,0
DA:201,0
DA:217,0
DA:219,0
DA:224,5
DA:225,2
DA:226,2
DA:229,2
DA:231,0
DA:236,5
DA:237,4
DA:238,4
DA:239,2
DA:241,2
LF:79
LH:33
BRDA:57,0,0,0
BRDA:57,0,1,0
BRDA:58,1,0,0
BRDA:58,1,1,0
BRDA:62,2,0,0
BRDA:62,2,1,0
BRDA:73,3,0,0
BRDA:73,3,1,0
BRDA:82,4,0,0
BRDA:82,4,1,0
BRDA:91,5,0,0
BRDA:91,5,1,0
BRDA:113,6,0,1
BRDA:114,7,0,1
BRDA:121,8,0,0
BRDA:121,8,1,1
BRDA:122,9,0,0
BRDA:122,9,1,1
BRDA:122,10,0,1
BRDA:122,10,1,0
BRDA:123,11,0,0
BRDA:123,11,1,1
BRDA:130,12,0,0
BRDA:130,12,1,1
BRDA:130,13,0,1
BRDA:130,13,1,1
BRDA:132,14,0,0
BRDA:132,14,1,0
BRDA:133,15,0,0
BRDA:133,15,1,0
BRDA:146,16,0,101
BRDA:146,16,1,1
BRDA:157,17,0,4
BRDA:157,17,1,4
BRDA:172,18,0,3
BRDA:172,18,1,1
BRDA:175,19,0,1
BRDA:175,19,1,0
BRDA:175,20,0,1
BRDA:175,20,1,0
BRDA:180,21,0,0
BRDA:180,21,1,0
BRDA:181,22,0,0
BRDA:181,22,1,0
BRDA:183,23,0,0
BRDA:183,23,1,0
BRDA:184,24,0,0
BRDA:184,24,1,0
BRDA:185,25,0,0
BRDA:185,25,1,0
BRDA:194,26,0,0
BRDA:194,26,1,0
BRDA:196,27,0,0
BRDA:196,27,1,0
BRDA:196,28,0,0
BRDA:196,28,1,0
BRDA:203,29,0,0
BRDA:203,29,1,0
BRDA:205,30,0,0
BRDA:205,30,1,0
BRDA:206,31,0,0
BRDA:206,31,1,0
BRDA:207,32,0,0
BRDA:207,32,1,0
BRDA:207,32,2,0
BRDA:209,33,0,0
BRDA:209,33,1,0
BRF:67
BRH:17
end_of_record
TN:
SF:routes\notifications.js
FN:9,(anonymous_0)
FN:41,(anonymous_1)
FN:63,(anonymous_2)
FN:83,(anonymous_3)
FN:101,(anonymous_4)
FN:118,(anonymous_5)
FN:141,(anonymous_6)
FN:180,(anonymous_7)
FN:226,calculateDistance
FNF:9
FNH:0
FNDA:0,(anonymous_0)
FNDA:0,(anonymous_1)
FNDA:0,(anonymous_2)
FNDA:0,(anonymous_3)
FNDA:0,(anonymous_4)
FNDA:0,(anonymous_5)
FNDA:0,(anonymous_6)
FNDA:0,(anonymous_7)
FNDA:0,calculateDistance
DA:6,5
DA:9,5
DA:10,0
DA:11,0
DA:12,0
DA:14,0
DA:15,0
DA:16,0
DA:19,0
DA:24,0
DA:29,0
DA:35,0
DA:36,0
DA:41,5
DA:42,0
DA:43,0
DA:45,0
DA:51,0
DA:52,0
DA:55,0
DA:57,0
DA:58,0
DA:63,5
DA:64,0
DA:65,0
DA:67,0
DA:72,0
DA:77,0
DA:78,0
DA:83,5
DA:84,0
DA:85,0
DA:87,0
DA:89,0
DA:90,0
DA:93,0
DA:95,0
DA:96,0
DA:101,5
DA:102,0
DA:103,0
DA:105,0
DA:107,0
DA:112,0
DA:113,0
DA:118,5
DA:119,0
DA:120,0
DA:122,0
DA:123,0
DA:124,0
DA:129,0
DA:135,0
DA:136,0
DA:141,5
DA:142,0
DA:143,0
DA:145,0
DA:152,0
DA:153,0
DA:157,0
DA:170,0
DA:171,0
DA:174,0
DA:176,0
DA:177,0
DA:180,0
DA:182,0
DA:189,0
DA:209,0
DA:210,0
DA:211,0
DA:214,0
DA:220,0
DA:221,0
DA:227,0
DA:228,0
DA:229,0
DA:230,0
DA:231,0
DA:234,0
DA:236,0
DA:238,0
LF:83
LH:8
BRDA:12,0,0,0
BRDA:12,1,0,0
BRDA:12,2,0,0
BRDA:15,3,0,0
BRDA:15,3,1,0
BRDA:51,4,0,0
BRDA:51,4,1,0
BRDA:89,5,0,0
BRDA:89,5,1,0
BRDA:120,6,0,0
BRDA:123,7,0,0
BRDA:123,7,1,0
BRDA:143,8,0,0
BRDA:143,9,0,0
BRDA:152,10,0,0
BRDA:152,10,1,0
BRDA:152,11,0,0
BRDA:152,11,1,0
BRDA:152,11,2,0
BRDA:170,12,0,0
BRDA:170,12,1,0
BRDA:170,13,0,0
BRDA:170,13,1,0
BRDA:185,14,0,0
BRDA:185,14,1,0
BRDA:186,15,0,0
BRDA:186,15,1,0
BRDA:199,16,0,0
BRDA:199,16,1,0
BRDA:209,17,0,0
BRDA:209,17,1,0
BRF:31
BRH:0
end_of_record
TN:
SF:routes\orders.js
FN:8,(anonymous_0)
FN:43,(anonymous_1)
FN:84,(anonymous_2)
FN:105,(anonymous_3)
FN:134,(anonymous_4)
FN:172,(anonymous_5)
FN:206,(anonymous_6)
FN:262,(anonymous_7)
FN:297,(anonymous_8)
FN:314,(anonymous_9)
FN:353,(anonymous_10)
FN:395,(anonymous_11)
FN:407,(anonymous_12)
FN:446,(anonymous_13)
FNF:14
FNH:1
FNDA:3,(anonymous_0)
FNDA:0,(anonymous_1)
FNDA:0,(anonymous_2)
FNDA:0,(anonymous_3)
FNDA:0,(anonymous_4)
FNDA:0,(anonymous_5)
FNDA:0,(anonymous_6)
FNDA:0,(anonymous_7)
FNDA:0,(anonymous_8)
FNDA:0,(anonymous_9)
FNDA:0,(anonymous_10)
FNDA:0,(anonymous_11)
FNDA:0,(anonymous_12)
FNDA:0,(anonymous_13)
DA:5,5
DA:8,5
DA:9,3
DA:18,3
DA:20,3
DA:21,1
DA:23,3
DA:24,3
DA:27,0
DA:38,0
DA:41,0
DA:42,0
DA:43,0
DA:56,0
DA:57,0
DA:58,0
DA:63,0
DA:69,0
DA:70,0
DA:71,0
DA:72,0
DA:73,0
DA:74,0
DA:76,0
DA:82,0
DA:85,0
DA:86,0
DA:87,0
DA:90,0
DA:93,0
DA:98,0
DA:99,0
DA:105,5
DA:106,0
DA:107,0
DA:109,0
DA:110,0
DA:113,0
DA:114,0
DA:118,0
DA:120,0
DA:122,0
DA:124,0
DA:129,0
DA:130,0
DA:134,5
DA:135,0
DA:136,0
DA:138,0
DA:139,0
DA:140,0
DA:143,0
DA:144,0
DA:145,0
DA:147,0
DA:148,0
DA:149,0
DA:155,0
DA:167,0
DA:168,0
DA:172,5
DA:173,0
DA:174,0
DA:176,0
DA:177,0
DA:178,0
DA:181,0
DA:182,0
DA:184,0
DA:185,0
DA:186,0
DA:192,0
DA:201,0
DA:202,0
DA:206,5
DA:207,0
DA:208,0
DA:210,0
DA:211,0
DA:212,0
DA:215,0
DA:216,0
DA:217,0
DA:219,0
DA:220,0
DA:221,0
DA:222,0
DA:225,0
DA:227,0
DA:228,0
DA:229,0
DA:230,0
DA:235,0
DA:236,0
DA:244,0
DA:255,0
DA:256,0
DA:262,5
DA:263,0
DA:264,0
DA:266,0
DA:267,0
DA:268,0
DA:271,0
DA:272,0
DA:273,0
DA:275,0
DA:276,0
DA:277,0
DA:283,0
DA:292,0
DA:293,0
DA:297,5
DA:298,0
DA:299,0
DA:300,0
DA:313,0
DA:315,0
DA:316,0
DA:318,0
DA:319,0
DA:320,0
DA:325,0
DA:326,0
DA:327,0
DA:328,0
DA:331,0
DA:335,0
DA:343,0
DA:348,0
DA:349,0
DA:353,5
DA:354,0
DA:355,0
DA:356,0
DA:358,0
DA:359,0
DA:362,0
DA:363,0
DA:364,0
DA:367,0
DA:368,0
DA:371,0
DA:372,0
DA:373,0
DA:374,0
DA:376,0
DA:377,0
DA:378,0
DA:384,0
DA:390,0
DA:391,0
DA:395,5
DA:396,0
DA:397,0
DA:399,0
DA:406,0
DA:408,0
DA:409,0
DA:411,0
DA:412,0
DA:413,0
DA:418,0
DA:419,0
DA:420,0
DA:421,0
DA:424,0
DA:428,0
DA:436,0
DA:441,0
DA:442,0
DA:446,5
DA:447,0
DA:448,0
DA:451,0
DA:453,0
DA:454,0
LF:177
LH:17
BRDA:20,0,0,1
BRDA:20,0,1,2
BRDA:23,1,0,3
BRDA:23,1,1,0
BRDA:34,2,0,0
BRDA:34,2,1,0
BRDA:41,3,0,0
BRDA:41,3,1,0
BRDA:41,4,0,0
BRDA:41,4,1,0
BRDA:46,5,0,0
BRDA:46,5,1,0
BRDA:56,6,0,0
BRDA:56,6,1,0
BRDA:70,7,0,0
BRDA:70,7,1,0
BRDA:70,8,0,0
BRDA:70,8,1,0
BRDA:109,9,0,0
BRDA:109,9,1,0
BRDA:109,10,0,0
BRDA:109,10,1,0
BRDA:113,11,0,0
BRDA:113,11,1,0
BRDA:139,12,0,0
BRDA:139,12,1,0
BRDA:148,13,0,0
BRDA:148,13,1,0
BRDA:148,14,0,0
BRDA:148,14,1,0
BRDA:177,15,0,0
BRDA:177,15,1,0
BRDA:185,16,0,0
BRDA:185,16,1,0
BRDA:185,17,0,0
BRDA:185,17,1,0
BRDA:211,18,0,0
BRDA:211,18,1,0
BRDA:219,19,0,0
BRDA:219,19,1,0
BRDA:228,20,0,0
BRDA:228,20,1,0
BRDA:229,21,0,0
BRDA:229,21,1,0
BRDA:235,22,0,0
BRDA:235,22,1,0
BRDA:267,23,0,0
BRDA:267,23,1,0
BRDA:276,24,0,0
BRDA:276,24,1,0
BRDA:276,25,0,0
BRDA:276,25,1,0
BRDA:318,26,0,0
BRDA:318,26,1,0
BRDA:325,27,0,0
BRDA:325,27,1,0
BRDA:358,28,0,0
BRDA:358,28,1,0
BRDA:363,29,0,0
BRDA:363,29,1,0
BRDA:367,30,0,0
BRDA:367,30,1,0
BRDA:377,31,0,0
BRDA:377,31,1,0
BRDA:377,32,0,0
BRDA:377,32,1,0
BRDA:411,33,0,0
BRDA:411,33,1,0
BRDA:418,34,0,0
BRDA:418,34,1,0
BRF:70
BRH:3
end_of_record
TN:
SF:routes\payments.js
FN:13,setSocketIO
FN:17,formatPaypalError
FN:25,calcItemsTotal
FN:26,(anonymous_3)
FN:33,(anonymous_4)
FN:53,(anonymous_5)
FN:92,(anonymous_6)
FN:112,(anonymous_7)
FNF:8
FNH:1
FNDA:5,setSocketIO
FNDA:0,formatPaypalError
FNDA:0,calcItemsTotal
FNDA:0,(anonymous_3)
FNDA:0,(anonymous_4)
FNDA:0,(anonymous_5)
FNDA:0,(anonymous_6)
FNDA:0,(anonymous_7)
DA:8,5
DA:11,5
DA:14,5
DA:18,0
DA:19,0
DA:20,0
DA:21,0
DA:22,0
DA:26,0
DA:27,0
DA:28,0
DA:29,0
DA:33,5
DA:34,0
DA:40,0
DA:42,0
DA:43,0
DA:46,0
DA:47,0
DA:48,0
DA:50,0
DA:51,0
DA:53,0
DA:62,0
DA:63,0
DA:64,0
DA:90,0
DA:91,0
DA:92,0
DA:95,0
DA:104,0
DA:105,0
DA:106,0
DA:112,5
DA:113,0
DA:114,0
DA:118,0
DA:130,0
DA:132,0
DA:145,0
DA:146,0
DA:148,0
DA:149,0
DA:151,0
DA:152,0
DA:156,0
DA:157,0
DA:160,0
DA:161,0
DA:162,0
DA:164,0
DA:165,0
DA:167,0
DA:170,0
DA:171,0
DA:174,0
DA:175,0
DA:178,0
DA:179,0
DA:180,0
DA:181,0
DA:182,0
DA:183,0
DA:184,0
DA:187,0
DA:188,0
DA:191,0
DA:192,0
DA:194,0
DA:207,0
DA:208,0
DA:209,0
DA:210,0
DA:211,0
DA:214,0
DA:221,0
DA:228,0
DA:255,0
DA:258,0
DA:260,0
DA:261,0
DA:263,0
DA:268,0
DA:272,0
DA:276,0
DA:285,0
DA:292,0
DA:293,0
DA:294,0
LF:89
LH:5
BRDA:18,0,0,0
BRDA:18,0,1,0
BRDA:18,0,2,0
BRDA:19,1,0,0
BRDA:19,1,1,0
BRDA:19,1,2,0
BRDA:20,2,0,0
BRDA:20,2,1,0
BRDA:21,3,0,0
BRDA:21,3,1,0
BRDA:25,4,0,0
BRDA:27,5,0,0
BRDA:27,5,1,0
BRDA:28,6,0,0
BRDA:28,6,1,0
BRDA:36,7,0,0
BRDA:37,8,0,0
BRDA:38,9,0,0
BRDA:42,10,0,0
BRDA:42,10,1,0
BRDA:42,11,0,0
BRDA:42,11,1,0
BRDA:47,12,0,0
BRDA:47,12,1,0
BRDA:50,13,0,0
BRDA:50,13,1,0
BRDA:50,14,0,0
BRDA:50,14,1,0
BRDA:54,15,0,0
BRDA:54,15,1,0
BRDA:55,16,0,0
BRDA:55,16,1,0
BRDA:58,17,0,0
BRDA:58,17,1,0
BRDA:126,18,0,0
BRDA:127,19,0,0
BRDA:128,20,0,0
BRDA:129,21,0,0
BRDA:145,22,0,0
BRDA:145,22,1,0
BRDA:148,23,0,0
BRDA:148,23,1,0
BRDA:151,24,0,0
BRDA:151,24,1,0
BRDA:151,25,0,0
BRDA:151,25,1,0
BRDA:156,26,0,0
BRDA:156,26,1,0
BRDA:156,27,0,0
BRDA:156,27,1,0
BRDA:164,28,0,0
BRDA:164,28,1,0
BRDA:164,29,0,0
BRDA:164,29,1,0
BRDA:174,30,0,0
BRDA:174,30,1,0
BRDA:175,31,0,0
BRDA:175,31,1,0
BRDA:179,32,0,0
BRDA:179,32,1,0
BRDA:181,33,0,0
BRDA:181,33,1,0
BRDA:181,34,0,0
BRDA:181,34,1,0
BRDA:183,35,0,0
BRDA:183,35,1,0
BRDA:187,36,0,0
BRDA:187,36,1,0
BRDA:187,36,2,0
BRDA:188,37,0,0
BRDA:188,37,1,0
BRDA:188,37,2,0
BRDA:210,38,0,0
BRDA:210,38,1,0
BRDA:210,39,0,0
BRDA:210,39,1,0
BRDA:258,40,0,0
BRDA:258,40,1,0
BRDA:261,41,0,0
BRDA:261,41,1,0
BRF:80
BRH:0
end_of_record
TN:
SF:routes\products.js
FN:10,(anonymous_0)
FN:112,(anonymous_1)
FN:124,(anonymous_2)
FN:142,(anonymous_3)
FN:156,(anonymous_4)
FN:170,(anonymous_5)
FN:188,(anonymous_6)
FN:209,(anonymous_7)
FNF:8
FNH:2
FNDA:0,(anonymous_0)
FNDA:0,(anonymous_1)
FNDA:15,(anonymous_2)
FNDA:1022,(anonymous_3)
FNDA:0,(anonymous_4)
FNDA:0,(anonymous_5)
FNDA:0,(anonymous_6)
FNDA:0,(anonymous_7)
DA:7,5
DA:10,5
DA:11,0
DA:13,0
DA:27,0
DA:29,0
DA:30,0
DA:32,0
DA:42,0
DA:43,0
DA:44,0
DA:45,0
DA:49,0
DA:50,0
DA:51,0
DA:52,0
DA:59,0
DA:64,0
DA:65,0
DA:66,0
DA:67,0
DA:68,0
DA:69,0
DA:70,0
DA:73,0
DA:74,0
DA:75,0
DA:76,0
DA:77,0
DA:81,0
DA:85,0
DA:90,0
DA:91,0
DA:92,0
DA:94,0
DA:112,0
DA:113,0
DA:116,0
DA:118,0
DA:119,0
DA:124,5
DA:125,15
DA:126,15
DA:127,15
DA:129,15
DA:130,15
DA:131,15
DA:132,15
DA:133,0
DA:134,0
DA:140,15
DA:142,1022
DA:148,15
DA:150,0
DA:151,0
DA:156,5
DA:157,0
DA:158,0
DA:159,0
DA:163,0
DA:170,5
DA:171,0
DA:172,0
DA:173,0
DA:175,0
DA:181,0
DA:183,0
DA:188,5
DA:189,0
DA:190,0
DA:191,0
DA:193,0
DA:194,0
DA:195,0
DA:201,0
DA:202,0
DA:204,0
DA:209,5
DA:210,0
DA:211,0
DA:212,0
DA:214,0
DA:215,0
DA:216,0
DA:221,0
DA:222,0
DA:224,0
LF:87
LH:17
BRDA:13,0,0,0
BRDA:13,0,1,0
BRDA:13,0,2,0
BRDA:13,0,3,0
BRDA:29,1,0,0
BRDA:29,1,1,0
BRDA:30,2,0,0
BRDA:30,2,1,0
BRDA:43,3,0,0
BRDA:43,3,1,0
BRDA:49,4,0,0
BRDA:49,4,1,0
BRDA:51,5,0,0
BRDA:51,5,1,0
BRDA:51,6,0,0
BRDA:51,6,1,0
BRDA:66,7,0,0
BRDA:66,7,1,0
BRDA:66,8,0,0
BRDA:66,8,1,0
BRDA:73,9,0,0
BRDA:73,9,1,0
BRDA:75,10,0,0
BRDA:75,10,1,0
BRDA:76,11,0,0
BRDA:76,11,1,0
BRDA:76,11,2,0
BRDA:76,11,3,0
BRDA:77,12,0,0
BRDA:77,12,1,0
BRDA:77,13,0,0
BRDA:77,13,1,0
BRDA:81,14,0,0
BRDA:81,14,1,0
BRDA:85,15,0,0
BRDA:85,15,1,0
BRDA:90,16,0,0
BRDA:90,16,1,0
BRDA:90,16,2,0
BRDA:90,16,3,0
BRDA:90,16,4,0
BRDA:91,17,0,0
BRDA:91,17,1,0
BRDA:91,17,2,0
BRDA:92,18,0,0
BRDA:92,18,1,0
BRDA:92,18,2,0
BRDA:98,19,0,0
BRDA:98,19,1,0
BRDA:108,20,0,0
BRDA:108,20,1,0
BRDA:129,21,0,3
BRDA:129,21,1,12
BRDA:130,22,0,3
BRDA:130,22,1,12
BRDA:131,23,0,0
BRDA:131,23,1,15
BRDA:132,24,0,0
BRDA:132,24,1,15
BRDA:144,25,0,1022
BRDA:144,25,1,0
BRDA:173,26,0,0
BRDA:173,26,1,0
BRDA:177,27,0,0
BRDA:177,27,1,0
BRDA:191,28,0,0
BRDA:191,28,1,0
BRDA:193,29,0,0
BRDA:193,29,1,0
BRDA:194,30,0,0
BRDA:194,30,1,0
BRDA:194,31,0,0
BRDA:194,31,1,0
BRDA:194,31,2,0
BRDA:212,32,0,0
BRDA:212,32,1,0
BRDA:214,33,0,0
BRDA:214,33,1,0
BRDA:215,34,0,0
BRDA:215,34,1,0
BRDA:215,35,0,0
BRDA:215,35,1,0
BRDA:215,35,2,0
BRF:83
BRH:7
end_of_record
TN:
SF:routes\reports.js
FN:10,(anonymous_0)
FN:36,(anonymous_1)
FN:51,(anonymous_2)
FN:63,(anonymous_3)
FN:95,(anonymous_4)
FN:111,(anonymous_5)
FN:136,(anonymous_6)
FN:145,(anonymous_7)
FN:151,(anonymous_8)
FNF:9
FNH:0
FNDA:0,(anonymous_0)
FNDA:0,(anonymous_1)
FNDA:0,(anonymous_2)
FNDA:0,(anonymous_3)
FNDA:0,(anonymous_4)
FNDA:0,(anonymous_5)
FNDA:0,(anonymous_6)
FNDA:0,(anonymous_7)
FNDA:0,(anonymous_8)
DA:7,5
DA:10,5
DA:11,0
DA:12,0
DA:13,0
DA:14,0
DA:16,0
DA:28,0
DA:29,0
DA:31,0
DA:36,5
DA:37,0
DA:38,0
DA:39,0
DA:40,0
DA:42,0
DA:44,0
DA:46,0
DA:47,0
DA:48,0
DA:51,0
DA:52,0
DA:55,0
DA:57,0
DA:59,0
DA:60,0
DA:62,0
DA:63,0
DA:64,0
DA:65,0
DA:66,0
DA:68,0
DA:69,0
DA:75,0
DA:76,0
DA:82,0
DA:84,0
DA:86,0
DA:91,0
DA:95,0
DA:96,0
DA:97,0
DA:98,0
DA:103,0
DA:105,0
DA:106,0
DA:111,5
DA:112,0
DA:113,0
DA:114,0
DA:115,0
DA:117,0
DA:118,0
DA:119,0
DA:120,0
DA:121,0
DA:124,0
DA:129,0
DA:131,0
DA:136,5
DA:137,0
DA:138,0
DA:139,0
DA:140,0
DA:142,0
DA:143,0
DA:145,0
DA:146,0
DA:148,0
DA:150,0
DA:151,0
DA:152,0
DA:153,0
DA:158,0
DA:163,0
DA:165,0
LF:76
LH:5
BRDA:13,0,0,0
BRDA:13,0,1,0
BRDA:39,1,0,0
BRDA:39,1,1,0
BRDA:55,2,0,0
BRDA:55,2,1,0
BRDA:57,3,0,0
BRDA:57,3,1,0
BRDA:57,4,0,0
BRDA:57,4,1,0
BRDA:59,5,0,0
BRDA:59,5,1,0
BRDA:59,5,2,0
BRDA:62,6,0,0
BRDA:62,6,1,0
BRDA:62,7,0,0
BRDA:62,7,1,0
BRDA:64,8,0,0
BRDA:64,8,1,0
BRDA:65,9,0,0
BRDA:65,9,1,0
BRDA:68,10,0,0
BRDA:68,10,1,0
BRDA:75,11,0,0
BRDA:75,11,1,0
BRDA:76,12,0,0
BRDA:76,12,1,0
BRDA:76,13,0,0
BRDA:76,13,1,0
BRDA:84,14,0,0
BRDA:84,14,1,0
BRDA:97,15,0,0
BRDA:97,15,1,0
BRDA:114,16,0,0
BRDA:114,16,1,0
BRDA:139,17,0,0
BRDA:139,17,1,0
BRDA:148,18,0,0
BRDA:148,18,1,0
BRDA:150,19,0,0
BRDA:150,19,1,0
BRDA:152,20,0,0
BRDA:152,20,1,0
BRDA:153,21,0,0
BRDA:153,21,1,0
BRF:45
BRH:0
end_of_record
TN:
SF:routes\stores.js
FN:13,(anonymous_0)
FN:66,(anonymous_1)
FN:135,(anonymous_2)
FN:141,(anonymous_3)
FN:157,(anonymous_4)
FN:173,(anonymous_5)
FN:202,(anonymous_6)
FN:218,(anonymous_7)
FN:245,(anonymous_8)
FNF:9
FNH:2
FNDA:0,(anonymous_0)
FNDA:0,(anonymous_1)
FNDA:1,(anonymous_2)
FNDA:6,(anonymous_3)
FNDA:0,(anonymous_4)
FNDA:0,(anonymous_5)
FNDA:0,(anonymous_6)
FNDA:0,(anonymous_7)
FNDA:0,(anonymous_8)
DA:7,5
DA:13,5
DA:14,0
DA:15,0
DA:16,0
DA:18,0
DA:20,0
DA:21,0
DA:22,0
DA:24,0
DA:25,0
DA:26,0
DA:29,0
DA:30,0
DA:31,0
DA:32,0
DA:33,0
DA:35,0
DA:38,0
DA:39,0
DA:40,0
DA:43,0
DA:44,0
DA:49,0
DA:51,0
DA:57,0
DA:58,0
DA:66,5
DA:67,0
DA:68,0
DA:69,0
DA:71,0
DA:72,0
DA:75,0
DA:77,0
DA:78,0
DA:79,0
DA:83,0
DA:84,0
DA:85,0
DA:88,0
DA:89,0
DA:94,0
DA:98,0
DA:99,0
DA:113,0
DA:116,0
DA:120,0
DA:121,0
DA:126,0
DA:127,0
DA:135,5
DA:136,1
DA:137,1
DA:138,1
DA:140,1
DA:141,1
DA:142,6
DA:145,1
DA:147,0
DA:157,5
DA:158,0
DA:159,0
DA:160,0
DA:161,0
DA:162,0
DA:163,0
DA:165,0
DA:173,5
DA:174,0
DA:175,0
DA:176,0
DA:178,0
DA:180,0
DA:181,0
DA:189,0
DA:202,0
DA:203,0
DA:206,0
DA:207,0
DA:209,0
DA:211,0
DA:218,5
DA:219,0
DA:220,0
DA:221,0
DA:223,0
DA:224,0
DA:229,0
DA:235,0
DA:236,0
DA:238,0
DA:245,5
DA:246,0
DA:247,0
DA:248,0
DA:249,0
DA:250,0
DA:252,0
LF:99
LH:15
BRDA:18,0,0,0
BRDA:18,0,1,0
BRDA:29,1,0,0
BRDA:29,1,1,0
BRDA:39,2,0,0
BRDA:39,2,1,0
BRDA:71,3,0,0
BRDA:71,3,1,0
BRDA:79,4,0,0
BRDA:79,4,1,0
BRDA:79,5,0,0
BRDA:79,5,1,0
BRDA:80,6,0,0
BRDA:80,6,1,0
BRDA:83,7,0,0
BRDA:83,7,1,0
BRDA:83,8,0,0
BRDA:83,8,1,0
BRDA:90,9,0,0
BRDA:90,9,1,0
BRDA:94,10,0,0
BRDA:94,10,1,0
BRDA:98,11,0,0
BRDA:98,11,1,0
BRDA:98,12,0,0
BRDA:98,12,1,0
BRDA:98,12,2,0
BRDA:138,13,0,0
BRDA:138,13,1,1
BRDA:161,14,0,0
BRDA:161,14,1,0
BRDA:180,15,0,0
BRDA:180,15,1,0
BRDA:183,16,0,0
BRDA:183,16,1,0
BRDA:184,17,0,0
BRDA:184,17,1,0
BRDA:203,18,0,0
BRDA:203,18,1,0
BRDA:223,19,0,0
BRDA:223,19,1,0
BRDA:223,20,0,0
BRDA:223,20,1,0
BRDA:235,21,0,0
BRDA:235,21,1,0
BRDA:249,22,0,0
BRDA:249,22,1,0
BRF:47
BRH:1
end_of_record
TN:
SF:routes\upload.js
FN:17,(anonymous_0)
FN:24,(anonymous_1)
FN:33,(anonymous_2)
FN:49,(anonymous_3)
FN:100,(anonymous_4)
FN:107,(anonymous_5)
FN:115,(anonymous_6)
FN:130,(anonymous_7)
FNF:8
FNH:0
FNDA:0,(anonymous_0)
FNDA:0,(anonymous_1)
FNDA:0,(anonymous_2)
FNDA:0,(anonymous_3)
FNDA:0,(anonymous_4)
FNDA:0,(anonymous_5)
FNDA:0,(anonymous_6)
FNDA:0,(anonymous_7)
DA:10,5
DA:11,5
DA:13,5
DA:16,5
DA:18,0
DA:19,0
DA:20,0
DA:22,0
DA:25,0
DA:26,0
DA:30,5
DA:34,0
DA:35,0
DA:38,0
DA:40,0
DA:41,0
DA:43,0
DA:49,5
DA:50,0
DA:51,0
DA:52,0
DA:55,0
DA:56,0
DA:57,0
DA:61,0
DA:67,0
DA:73,0
DA:76,0
DA:86,0
DA:92,0
DA:93,0
DA:98,5
DA:101,0
DA:102,0
DA:103,0
DA:105,0
DA:108,0
DA:111,0
DA:116,0
DA:117,0
DA:120,0
DA:122,0
DA:123,0
DA:125,0
DA:130,5
DA:131,0
DA:132,0
DA:133,0
DA:137,0
DA:143,0
DA:149,0
DA:151,0
DA:153,0
DA:159,0
DA:160,0
LF:55
LH:8
BRDA:19,0,0,0
BRDA:19,0,1,0
BRDA:40,1,0,0
BRDA:40,1,1,0
BRDA:40,2,0,0
BRDA:40,2,1,0
BRDA:51,3,0,0
BRDA:51,3,1,0
BRDA:56,4,0,0
BRDA:56,4,1,0
BRDA:102,5,0,0
BRDA:102,5,1,0
BRDA:122,6,0,0
BRDA:122,6,1,0
BRDA:122,7,0,0
BRDA:122,7,1,0
BRDA:132,8,0,0
BRDA:132,8,1,0
BRF:18
BRH:0
end_of_record
TN:
SF:routes\users.js
FN:7,sanitizeUser
FN:25,(anonymous_1)
FN:28,(anonymous_2)
FN:39,(anonymous_3)
FN:100,(anonymous_4)
FN:143,(anonymous_5)
FN:235,(anonymous_6)
FN:260,(anonymous_7)
FNF:8
FNH:0
FNDA:0,sanitizeUser
FNDA:0,(anonymous_1)
FNDA:0,(anonymous_2)
FNDA:0,(anonymous_3)
FNDA:0,(anonymous_4)
FNDA:0,(anonymous_5)
FNDA:0,(anonymous_6)
FNDA:0,(anonymous_7)
DA:5,5
DA:8,0
DA:9,0
DA:25,5
DA:26,0
DA:27,0
DA:28,0
DA:29,0
DA:31,0
DA:32,0
DA:39,5
DA:47,0
DA:49,0
DA:50,0
DA:54,0
DA:55,0
DA:56,0
DA:59,0
DA:60,0
DA:66,0
DA:67,0
DA:77,0
DA:78,0
DA:90,0
DA:91,0
DA:100,5
DA:101,0
DA:102,0
DA:104,0
DA:105,0
DA:108,0
DA:109,0
DA:112,0
DA:118,0
DA:119,0
DA:120,0
DA:121,0
DA:123,0
DA:128,0
DA:131,0
DA:133,0
DA:135,0
DA:136,0
DA:143,5
DA:144,0
DA:146,0
DA:147,0
DA:148,0
DA:153,0
DA:157,0
DA:158,0
DA:160,0
DA:163,0
DA:164,0
DA:167,0
DA:168,0
DA:174,0
DA:175,0
DA:177,0
DA:178,0
DA:182,0
DA:183,0
DA:184,0
DA:187,0
DA:189,0
DA:190,0
DA:196,0
DA:199,0
DA:203,0
DA:204,0
DA:212,0
DA:213,0
DA:216,0
DA:225,0
DA:226,0
DA:235,5
DA:236,0
DA:237,0
DA:238,0
DA:240,0
DA:241,0
DA:244,0
DA:245,0
DA:246,0
DA:252,0
DA:253,0
DA:260,5
DA:261,0
DA:262,0
DA:264,0
DA:265,0
DA:270,0
DA:271,0
DA:272,0
DA:278,0
DA:279,0
LF:96
LH:7
BRDA:8,0,0,0
BRDA:8,0,1,0
BRDA:10,1,0,0
BRDA:10,1,1,0
BRDA:11,2,0,0
BRDA:11,2,1,0
BRDA:12,3,0,0
BRDA:12,3,1,0
BRDA:13,4,0,0
BRDA:13,4,1,0
BRDA:14,5,0,0
BRDA:14,5,1,0
BRDA:15,6,0,0
BRDA:15,6,1,0
BRDA:16,7,0,0
BRDA:16,7,1,0
BRDA:17,8,0,0
BRDA:17,8,1,0
BRDA:43,9,0,0
BRDA:44,10,0,0
BRDA:45,11,0,0
BRDA:46,12,0,0
BRDA:49,13,0,0
BRDA:49,13,1,0
BRDA:49,14,0,0
BRDA:49,14,1,0
BRDA:55,15,0,0
BRDA:55,15,1,0
BRDA:63,16,0,0
BRDA:63,16,1,0
BRDA:108,17,0,0
BRDA:108,17,1,0
BRDA:108,18,0,0
BRDA:108,18,1,0
BRDA:118,19,0,0
BRDA:118,19,1,0
BRDA:118,20,0,0
BRDA:118,20,1,0
BRDA:147,21,0,0
BRDA:147,21,1,0
BRDA:147,22,0,0
BRDA:147,22,1,0
BRDA:167,23,0,0
BRDA:167,23,1,0
BRDA:167,24,0,0
BRDA:167,24,1,0
BRDA:177,25,0,0
BRDA:177,25,1,0
BRDA:183,26,0,0
BRDA:183,26,1,0
BRDA:184,27,0,0
BRDA:184,27,1,0
BRDA:187,28,0,0
BRDA:187,28,1,0
BRDA:187,29,0,0
BRDA:187,29,1,0
BRDA:189,30,0,0
BRDA:189,30,1,0
BRDA:212,31,0,0
BRDA:212,31,1,0
BRDA:240,32,0,0
BRDA:240,32,1,0
BRDA:264,33,0,0
BRDA:264,33,1,0
BRF:64
BRH:0
end_of_record
TN:
SF:utils\fetchImageFromGoogle.js
FN:60,sleep
FN:61,(anonymous_1)
FN:63,cleanupCache
FN:70,isPlaceholderBarcode
FN:81,normalizeUrl
FN:116,isAllowedHost
FN:132,isReachableImage
FN:136,(anonymous_7)
FN:145,googleImageQuery
FN:171,fetchFromOpenFoodFacts
FN:175,(anonymous_10)
FN:203,fetchImagesFromGoogle
FN:232,(anonymous_12)
FN:233,(anonymous_13)
FN:237,(anonymous_14)
FNF:15
FNH:0
FNDA:0,sleep
FNDA:0,(anonymous_1)
FNDA:0,cleanupCache
FNDA:0,isPlaceholderBarcode
FNDA:0,normalizeUrl
FNDA:0,isAllowedHost
FNDA:0,isReachableImage
FNDA:0,(anonymous_7)
FNDA:0,googleImageQuery
FNDA:0,fetchFromOpenFoodFacts
FNDA:0,(anonymous_10)
FNDA:0,fetchImagesFromGoogle
FNDA:0,(anonymous_12)
FNDA:0,(anonymous_13)
FNDA:0,(anonymous_14)
DA:5,5
DA:45,5
DA:46,5
DA:49,5
DA:51,5
DA:61,0
DA:64,0
DA:65,0
DA:66,0
DA:71,0
DA:72,0
DA:74,0
DA:76,0
DA:77,0
DA:82,0
DA:83,0
DA:84,0
DA:85,0
DA:86,0
DA:87,0
DA:88,0
DA:89,0
DA:90,0
DA:91,0
DA:94,0
DA:95,0
DA:96,0
DA:100,0
DA:101,0
DA:102,0
DA:103,0
DA:104,0
DA:108,0
DA:109,0
DA:110,0
DA:112,0
DA:118,0
DA:133,0
DA:134,0
DA:136,0
DA:138,0
DA:139,0
DA:141,0
DA:146,0
DA:159,0
DA:160,0
DA:161,0
DA:163,0
DA:167,0
DA:172,0
DA:173,0
DA:174,0
DA:175,0
DA:176,0
DA:177,0
DA:180,0
DA:190,0
DA:191,0
DA:192,0
DA:193,0
DA:196,0
DA:198,0
DA:209,0
DA:210,0
DA:211,0
DA:212,0
DA:214,0
DA:215,0
DA:216,0
DA:225,0
DA:231,0
DA:232,0
DA:233,0
DA:237,0
DA:241,0
DA:242,0
DA:243,0
DA:244,0
DA:245,0
DA:246,0
DA:247,0
DA:248,0
DA:250,0
DA:251,0
DA:252,0
DA:253,0
DA:254,0
DA:255,0
DA:256,0
DA:257,0
DA:258,0
DA:263,0
DA:268,0
DA:269,0
DA:270,0
DA:275,0
DA:276,0
DA:277,0
DA:279,0
DA:280,0
LF:100
LH:5
BRDA:45,0,0,5
BRDA:45,0,1,5
BRDA:47,1,0,5
BRDA:47,1,1,5
BRDA:66,2,0,0
BRDA:66,2,1,0
BRDA:70,3,0,0
BRDA:72,4,0,0
BRDA:72,4,1,0
BRDA:74,5,0,0
BRDA:74,5,1,0
BRDA:76,6,0,0
BRDA:76,6,1,0
BRDA:83,7,0,0
BRDA:83,7,1,0
BRDA:94,8,0,0
BRDA:94,8,1,0
BRDA:96,9,0,0
BRDA:96,9,1,0
BRDA:96,10,0,0
BRDA:96,10,1,0
BRDA:101,11,0,0
BRDA:101,11,1,0
BRDA:104,12,0,0
BRDA:104,12,1,0
BRDA:138,13,0,0
BRDA:138,13,1,0
BRDA:139,14,0,0
BRDA:139,14,1,0
BRDA:139,14,2,0
BRDA:159,15,0,0
BRDA:159,15,1,0
BRDA:167,16,0,0
BRDA:167,16,1,0
BRDA:172,17,0,0
BRDA:172,17,1,0
BRDA:172,18,0,0
BRDA:172,18,1,0
BRDA:177,19,0,0
BRDA:177,19,1,0
BRDA:192,20,0,0
BRDA:192,20,1,0
BRDA:192,21,0,0
BRDA:192,21,1,0
BRDA:193,22,0,0
BRDA:193,22,1,0
BRDA:205,23,0,0
BRDA:206,24,0,0
BRDA:209,25,0,0
BRDA:209,25,1,0
BRDA:209,26,0,0
BRDA:209,26,1,0
BRDA:212,27,0,0
BRDA:212,27,1,0
BRDA:212,28,0,0
BRDA:212,28,1,0
BRDA:215,29,0,0
BRDA:215,29,1,0
BRDA:234,30,0,0
BRDA:234,30,1,0
BRDA:247,31,0,0
BRDA:247,31,1,0
BRDA:248,32,0,0
BRDA:248,32,1,0
BRDA:252,33,0,0
BRDA:252,33,1,0
BRDA:252,34,0,0
BRDA:252,34,1,0
BRDA:254,35,0,0
BRDA:254,35,1,0
BRDA:255,36,0,0
BRDA:255,36,1,0
BRDA:256,37,0,0
BRDA:256,37,1,0
BRDA:265,38,0,0
BRDA:265,38,1,0
BRDA:268,39,0,0
BRDA:268,39,1,0
BRDA:275,40,0,0
BRDA:275,40,1,0
BRDA:275,41,0,0
BRDA:275,41,1,0
BRDA:277,42,0,0
BRDA:277,42,1,0
BRDA:277,43,0,0
BRDA:277,43,1,0
BRF:86
BRH:4
end_of_record
TN:
SF:utils\generateImageWithGemini.js
FN:13,downloadAndSaveImage
FN:49,searchRamiLevyImages
FN:102,searchUnsplashImage
FN:120,searchOpenFoodFacts
FN:159,translateToEnglish
FN:201,generateImageWithDALLE
FN:257,searchGoogleImage
FN:281,generatePlaceholderImage
FNF:8
FNH:0
FNDA:0,downloadAndSaveImage
FNDA:0,searchRamiLevyImages
FNDA:0,searchUnsplashImage
FNDA:0,searchOpenFoodFacts
FNDA:0,translateToEnglish
FNDA:0,generateImageWithDALLE
FNDA:0,searchGoogleImage
FNDA:0,generatePlaceholderImage
DA:7,5
DA:8,5
DA:14,0
DA:15,0
DA:24,0
DA:28,0
DA:30,0
DA:31,0
DA:32,0
DA:35,0
DA:36,0
DA:38,0
DA:40,0
DA:41,0
DA:50,0
DA:52,0
DA:55,0
DA:57,0
DA:59,0
DA:66,0
DA:70,0
DA:72,0
DA:74,0
DA:75,0
DA:76,0
DA:79,0
DA:80,0
DA:81,0
DA:82,0
DA:85,0
DA:86,0
DA:90,0
DA:91,0
DA:93,0
DA:94,0
DA:103,0
DA:104,0
DA:106,0
DA:108,0
DA:109,0
DA:111,0
DA:112,0
DA:121,0
DA:123,0
DA:129,0
DA:130,0
DA:131,0
DA:133,0
DA:135,0
DA:136,0
DA:138,0
DA:140,0
DA:141,0
DA:142,0
DA:143,0
DA:149,0
DA:151,0
DA:152,0
DA:160,0
DA:183,0
DA:186,0
DA:187,0
DA:188,0
DA:192,0
DA:194,0
DA:202,0
DA:203,0
DA:204,0
DA:206,0
DA:207,0
DA:210,0
DA:213,0
DA:216,0
DA:217,0
DA:220,0
DA:227,0
DA:228,0
DA:230,0
DA:232,0
DA:233,0
DA:236,0
DA:237,0
DA:238,0
DA:239,0
DA:242,0
DA:246,0
DA:247,0
DA:249,0
DA:250,0
DA:258,0
DA:259,0
DA:260,0
DA:262,0
DA:263,0
DA:265,0
DA:266,0
DA:267,0
DA:270,0
DA:271,0
DA:274,0
DA:276,0
DA:277,0
DA:282,0
DA:283,0
LF:104
LH:2
BRDA:31,0,0,0
BRDA:31,0,1,0
BRDA:72,1,0,0
BRDA:72,1,1,0
BRDA:72,2,0,0
BRDA:72,2,1,0
BRDA:75,3,0,0
BRDA:75,3,1,0
BRDA:75,4,0,0
BRDA:75,4,1,0
BRDA:79,5,0,0
BRDA:79,5,1,0
BRDA:81,6,0,0
BRDA:81,6,1,0
BRDA:138,7,0,0
BRDA:138,7,1,0
BRDA:138,8,0,0
BRDA:138,8,1,0
BRDA:141,9,0,0
BRDA:141,9,1,0
BRDA:141,10,0,0
BRDA:141,10,1,0
BRDA:201,11,0,0
BRDA:206,12,0,0
BRDA:206,12,1,0
BRDA:206,13,0,0
BRDA:206,13,1,0
BRDA:232,14,0,0
BRDA:232,14,1,0
BRDA:237,15,0,0
BRDA:237,15,1,0
BRDA:265,16,0,0
BRDA:265,16,1,0
BRDA:270,17,0,0
BRDA:270,17,1,0
BRDA:270,18,0,0
BRDA:270,18,1,0
BRF:37
BRH:0
end_of_record
TN:
SF:utils\notificationService.js
FN:9,createNotificationsForNewProduct
FN:91,calculateDistance
FN:107,createExpiringProductNotifications
FNF:3
FNH:1
FNDA:0,createNotificationsForNewProduct
FNDA:0,calculateDistance
FNDA:1,createExpiringProductNotifications
DA:10,0
DA:11,0
DA:12,0
DA:14,0
DA:15,0
DA:16,0
DA:18,0
DA:19,0
DA:20,0
DA:22,0
DA:27,0
DA:30,0
DA:37,0
DA:39,0
DA:44,0
DA:47,0
DA:48,0
DA:49,0
DA:50,0
DA:51,0
DA:52,0
DA:55,0
DA:76,0
DA:77,0
DA:80,0
DA:83,0
DA:84,0
DA:92,0
DA:93,0
DA:94,0
DA:95,0
DA:96,0
DA:98,0
DA:100,0
DA:101,0
DA:108,1
DA:109,1
DA:110,1
DA:111,1
DA:113,1
DA:117,0
DA:119,0
DA:120,0
DA:122,0
DA:123,0
DA:124,0
DA:126,0
DA:127,0
DA:128,0
DA:130,0
DA:135,0
DA:138,0
DA:145,0
DA:147,0
DA:154,0
DA:156,0
DA:172,0
DA:176,0
DA:178,1
DA:179,1
LF:60
LH:7
BRDA:18,0,0,0
BRDA:18,0,1,0
BRDA:18,1,0,0
BRDA:18,1,1,0
BRDA:18,1,2,0
BRDA:19,2,0,0
BRDA:19,2,1,0
BRDA:19,3,0,0
BRDA:19,3,1,0
BRDA:19,3,2,0
BRDA:22,4,0,0
BRDA:22,4,1,0
BRDA:23,5,0,0
BRDA:23,5,1,0
BRDA:23,5,2,0
BRDA:37,6,0,0
BRDA:37,6,1,0
BRDA:39,7,0,0
BRDA:39,7,1,0
BRDA:40,8,0,0
BRDA:40,8,1,0
BRDA:40,8,2,0
BRDA:47,9,0,0
BRDA:47,9,1,0
BRDA:48,10,0,0
BRDA:48,10,1,0
BRDA:49,11,0,0
BRDA:49,11,1,0
BRDA:49,12,0,0
BRDA:49,12,1,0
BRDA:51,13,0,0
BRDA:51,13,1,0
BRDA:51,14,0,0
BRDA:51,14,1,0
BRDA:57,15,0,0
BRDA:57,15,1,0
BRDA:58,16,0,0
BRDA:58,16,1,0
BRDA:76,17,0,0
BRDA:76,17,1,0
BRDA:126,18,0,0
BRDA:126,18,1,0
BRDA:126,19,0,0
BRDA:126,19,1,0
BRDA:126,19,2,0
BRDA:127,20,0,0
BRDA:127,20,1,0
BRDA:127,21,0,0
BRDA:127,21,1,0
BRDA:127,21,2,0
BRDA:130,22,0,0
BRDA:130,22,1,0
BRDA:131,23,0,0
BRDA:131,23,1,0
BRDA:131,23,2,0
BRDA:145,24,0,0
BRDA:145,24,1,0
BRDA:154,25,0,0
BRDA:154,25,1,0
BRDA:164,26,0,0
BRDA:164,26,1,0
BRF:61
BRH:0
end_of_record
TN:
SF:utils\paymentSplit.js
FN:18,calculatePaymentSplit
FN:96,getPaymentBreakdown
FN:136,getOrderPaymentBreakdown
FNF:3
FNH:2
FNDA:9,calculatePaymentSplit
FNDA:1,getPaymentBreakdown
FNDA:0,getOrderPaymentBreakdown
DA:25,9
DA:26,2
DA:29,7
DA:30,1
DA:33,6
DA:34,1
DA:37,5
DA:38,0
DA:42,5
DA:47,5
DA:50,5
DA:53,5
DA:58,5
DA:61,5
DA:62,0
DA:67,5
DA:103,1
DA:110,1
DA:112,1
DA:137,0
DA:138,0
DA:139,0
DA:141,0
LF:23
LH:17
BRDA:20,0,0,0
BRDA:21,1,0,0
BRDA:22,2,0,0
BRDA:25,3,0,2
BRDA:25,3,1,7
BRDA:29,4,0,1
BRDA:29,4,1,6
BRDA:29,5,0,7
BRDA:29,5,1,7
BRDA:33,6,0,1
BRDA:33,6,1,5
BRDA:37,7,0,0
BRDA:37,7,1,5
BRDA:61,8,0,0
BRDA:61,8,1,5
BRDA:98,9,0,0
BRDA:99,10,0,0
BRDA:100,11,0,0
BRDA:136,12,0,0
BRDA:137,13,0,0
BRDA:137,13,1,0
BRDA:138,14,0,0
BRDA:138,14,1,0
BRDA:139,15,0,0
BRDA:139,15,1,0
BRF:25
BRH:10
end_of_record
TN:
SF:utils\paypalClient.js
FN:5,environment
FN:14,getPaypalClient
FN:18,getCurrency
FNF:3
FNH:0
FNDA:0,environment
FNDA:0,getPaypalClient
FNDA:0,getCurrency
DA:3,5
DA:6,0
DA:7,0
DA:8,0
DA:9,0
DA:15,0
DA:19,0
LF:7
LH:1
BRDA:6,0,0,0
BRDA:6,0,1,0
BRDA:7,1,0,0
BRDA:7,1,1,0
BRDA:8,2,0,0
BRDA:8,2,1,0
BRDA:9,3,0,0
BRDA:9,3,1,0
BRF:8
BRH:0
end_of_record
